2016-08-23 13:23:40.088  INFO 14096 --- [main] isucon5.App                              : Starting App v0.0.1-SNAPSHOT on isucon5.c.decoded-tesla-111504.internal with PID 14096 (/home/isucon/webapp/java/target/isuxi-0.0.1-SNAPSHOT.jar started by root in /home/isucon/webapp/java/target)
2016-08-23 13:23:40.133  INFO 14096 --- [main] ationConfigEmbeddedWebApplicationContext : Refreshing org.springframework.boot.context.embedded.AnnotationConfigEmbeddedWebApplicationContext@8a5961c: startup date [Tue Aug 23 13:23:40 UTC 2016]; root of context hierarchy
2016-08-23 13:23:41.116  INFO 14096 --- [main] trationDelegate$BeanPostProcessorChecker : Bean 'org.springframework.transaction.annotation.ProxyTransactionManagementConfiguration' of type [class org.springframework.transaction.annotation.ProxyTransactionManagementConfiguration$$EnhancerBySpringCGLIB$$b1fdfd0a] is not eligible for getting processed by all BeanPostProcessors (for example: not eligible for auto-proxying)
2016-08-23 13:23:41.664  INFO 14096 --- [main] s.b.c.e.t.TomcatEmbeddedServletContainer : Tomcat initialized with port(s): 8080 (http)
2016-08-23 13:23:41.891  INFO 14096 --- [main] o.apache.catalina.core.StandardService   : Starting service Tomcat
2016-08-23 13:23:41.892  INFO 14096 --- [main] org.apache.catalina.core.StandardEngine  : Starting Servlet Engine: Apache Tomcat/8.0.23
2016-08-23 13:23:42.087  INFO 14096 --- [localhost-startStop-1] o.a.c.c.C.[Tomcat].[localhost].[/]       : Initializing Spring embedded WebApplicationContext
2016-08-23 13:23:42.087  INFO 14096 --- [localhost-startStop-1] o.s.web.context.ContextLoader            : Root WebApplicationContext: initialization completed in 1957 ms
2016-08-23 13:23:43.264  INFO 14096 --- [localhost-startStop-1] o.s.b.c.e.ServletRegistrationBean        : Mapping servlet: 'dispatcherServlet' to [/]
2016-08-23 13:23:43.271  INFO 14096 --- [localhost-startStop-1] o.s.b.c.embedded.FilterRegistrationBean  : Mapping filter: 'characterEncodingFilter' to: [/*]
2016-08-23 13:23:43.272  INFO 14096 --- [localhost-startStop-1] o.s.b.c.embedded.FilterRegistrationBean  : Mapping filter: 'hiddenHttpMethodFilter' to: [/*]
2016-08-23 13:23:43.272  INFO 14096 --- [localhost-startStop-1] o.s.b.c.embedded.FilterRegistrationBean  : Mapping filter: 'httpPutFormContentFilter' to: [/*]
2016-08-23 13:23:43.273  INFO 14096 --- [localhost-startStop-1] o.s.b.c.embedded.FilterRegistrationBean  : Mapping filter: 'resourceUrlEncodingFilter' to: [/*]
2016-08-23 13:23:43.551  INFO 14096 --- [main] s.w.s.m.m.a.RequestMappingHandlerAdapter : Looking for @ControllerAdvice: org.springframework.boot.context.embedded.AnnotationConfigEmbeddedWebApplicationContext@8a5961c: startup date [Tue Aug 23 13:23:40 UTC 2016]; root of context hierarchy
2016-08-23 13:23:43.642  INFO 14096 --- [main] s.w.s.m.m.a.RequestMappingHandlerMapping : Mapped "{[/login],methods=[GET]}" onto java.lang.String isucon5.App.login(org.springframework.ui.Model)
2016-08-23 13:23:43.644  INFO 14096 --- [main] s.w.s.m.m.a.RequestMappingHandlerMapping : Mapped "{[/login],methods=[POST]}" onto java.lang.String isucon5.App.login(java.lang.String,java.lang.String)
2016-08-23 13:23:43.644  INFO 14096 --- [main] s.w.s.m.m.a.RequestMappingHandlerMapping : Mapped "{[/logout],methods=[GET]}" onto java.lang.String isucon5.App.logout()
2016-08-23 13:23:43.644  INFO 14096 --- [main] s.w.s.m.m.a.RequestMappingHandlerMapping : Mapped "{[/],methods=[GET]}" onto java.lang.String isucon5.App.home(org.springframework.ui.Model)
2016-08-23 13:23:43.645  INFO 14096 --- [main] s.w.s.m.m.a.RequestMappingHandlerMapping : Mapped "{[/friends],methods=[GET]}" onto java.lang.String isucon5.App.friends(org.springframework.ui.Model)
2016-08-23 13:23:43.645  INFO 14096 --- [main] s.w.s.m.m.a.RequestMappingHandlerMapping : Mapped "{[/friends/{accountName}],methods=[POST]}" onto java.lang.String isucon5.App.friends(java.lang.String)
2016-08-23 13:23:43.645  INFO 14096 --- [main] s.w.s.m.m.a.RequestMappingHandlerMapping : Mapped "{[/footprints],methods=[GET]}" onto java.lang.String isucon5.App.footprints(org.springframework.ui.Model)
2016-08-23 13:23:43.645  INFO 14096 --- [main] s.w.s.m.m.a.RequestMappingHandlerMapping : Mapped "{[/diary/comment/{entryId}],methods=[POST]}" onto java.lang.String isucon5.App.comment(java.lang.Integer,java.lang.String)
2016-08-23 13:23:43.646  INFO 14096 --- [main] s.w.s.m.m.a.RequestMappingHandlerMapping : Mapped "{[/profile/{accountName}],methods=[GET]}" onto java.lang.String isucon5.App.profile(java.lang.String,org.springframework.ui.Model)
2016-08-23 13:23:43.646  INFO 14096 --- [main] s.w.s.m.m.a.RequestMappingHandlerMapping : Mapped "{[/profile/{accountName}],methods=[POST]}" onto java.lang.String isucon5.App.profile(java.lang.String,java.lang.String,java.lang.String,java.lang.String,java.lang.String,java.time.LocalDate)
2016-08-23 13:23:43.646  INFO 14096 --- [main] s.w.s.m.m.a.RequestMappingHandlerMapping : Mapped "{[/diary/entries/{accountName}],methods=[GET]}" onto java.lang.String isucon5.App.entries(java.lang.String,org.springframework.ui.Model)
2016-08-23 13:23:43.647  INFO 14096 --- [main] s.w.s.m.m.a.RequestMappingHandlerMapping : Mapped "{[/initialize],methods=[GET]}" onto public org.springframework.http.ResponseEntity<java.lang.String> isucon5.App.initialize()
2016-08-23 13:23:43.647  INFO 14096 --- [main] s.w.s.m.m.a.RequestMappingHandlerMapping : Mapped "{[/diary/entry/{entryId}],methods=[GET]}" onto java.lang.String isucon5.App.entry(java.lang.Integer,org.springframework.ui.Model)
2016-08-23 13:23:43.647  INFO 14096 --- [main] s.w.s.m.m.a.RequestMappingHandlerMapping : Mapped "{[/diary/entry],methods=[POST]}" onto java.lang.String isucon5.App.entry(java.lang.String,java.lang.String,boolean,org.springframework.web.servlet.mvc.support.RedirectAttributes)
2016-08-23 13:23:43.651  INFO 14096 --- [main] s.w.s.m.m.a.RequestMappingHandlerMapping : Mapped "{[/error],produces=[text/html]}" onto public org.springframework.web.servlet.ModelAndView org.springframework.boot.autoconfigure.web.BasicErrorController.errorHtml(javax.servlet.http.HttpServletRequest)
2016-08-23 13:23:43.651  INFO 14096 --- [main] s.w.s.m.m.a.RequestMappingHandlerMapping : Mapped "{[/error]}" onto public org.springframework.http.ResponseEntity<java.util.Map<java.lang.String, java.lang.Object>> org.springframework.boot.autoconfigure.web.BasicErrorController.error(javax.servlet.http.HttpServletRequest)
2016-08-23 13:23:43.687  INFO 14096 --- [main] o.s.w.s.handler.SimpleUrlHandlerMapping  : Mapped URL path [/webjars/**] onto handler of type [class org.springframework.web.servlet.resource.ResourceHttpRequestHandler]
2016-08-23 13:23:43.688  INFO 14096 --- [main] o.s.w.s.handler.SimpleUrlHandlerMapping  : Mapped URL path [/**] onto handler of type [class org.springframework.web.servlet.resource.ResourceHttpRequestHandler]
2016-08-23 13:23:43.740  INFO 14096 --- [main] o.s.w.s.handler.SimpleUrlHandlerMapping  : Mapped URL path [/**/favicon.ico] onto handler of type [class org.springframework.web.servlet.resource.ResourceHttpRequestHandler]
2016-08-23 13:23:44.098  INFO 14096 --- [main] o.s.j.e.a.AnnotationMBeanExporter        : Registering beans for JMX exposure on startup
2016-08-23 13:23:44.175  INFO 14096 --- [main] s.b.c.e.t.TomcatEmbeddedServletContainer : Tomcat started on port(s): 8080 (http)
2016-08-23 13:23:44.182  INFO 14096 --- [main] isucon5.App                              : Started App in 4.361 seconds (JVM running for 4.727)
2016-08-23 13:23:55.328  INFO 14096 --- [http-nio-8080-exec-1] o.a.c.c.C.[Tomcat].[localhost].[/]       : Initializing Spring FrameworkServlet 'dispatcherServlet'
2016-08-23 13:23:55.328  INFO 14096 --- [http-nio-8080-exec-1] o.s.web.servlet.DispatcherServlet        : FrameworkServlet 'dispatcherServlet': initialization started
2016-08-23 13:23:55.347  INFO 14096 --- [http-nio-8080-exec-1] o.s.web.servlet.DispatcherServlet        : FrameworkServlet 'dispatcherServlet': initialization completed in 19 ms
2016-08-23 13:24:03.548  WARN 14096 --- [http-nio-8080-exec-3] .m.m.a.ExceptionHandlerExceptionResolver : Handler execution resulted in exception: null
2016-08-23 13:25:20.229  INFO 14096 --- [Thread-3] ationConfigEmbeddedWebApplicationContext : Closing org.springframework.boot.context.embedded.AnnotationConfigEmbeddedWebApplicationContext@8a5961c: startup date [Tue Aug 23 13:23:40 UTC 2016]; root of context hierarchy
2016-08-23 13:25:20.231  INFO 14096 --- [Thread-3] o.s.j.e.a.AnnotationMBeanExporter        : Unregistering JMX-exposed beans on shutdown
