[23/Aug/2016:13:23:43 +0000] "GET /initialize HTTP/1.1" - 502 181 0.000/0.000
[23/Aug/2016:13:23:55 +0000] "GET /initialize HTTP/1.1" - 200 0 0.390/0.390
[23/Aug/2016:13:23:56 +0000] "GET /login HTTP/1.1" - 200 1092 0.361/0.361
[23/Aug/2016:13:23:56 +0000] "POST /login HTTP/1.1" - 302 0 0.035/0.035
[23/Aug/2016:13:23:56 +0000] "GET /login HTTP/1.1" - 200 1092 0.009/0.009
[23/Aug/2016:13:23:56 +0000] "POST /login HTTP/1.1" - 302 0 0.005/0.005
[23/Aug/2016:13:23:56 +0000] "GET / HTTP/1.1" - 302 0 0.003/0.003
[23/Aug/2016:13:23:56 +0000] "GET /login HTTP/1.1" - 200 1092 0.009/0.009
[23/Aug/2016:13:23:56 +0000] "POST /login HTTP/1.1" - 302 0 0.004/0.004
[23/Aug/2016:13:23:57 +0000] "GET / HTTP/1.1" - 200 30700 1.259/1.259
[23/Aug/2016:13:23:58 +0000] "GET /css/bootstrap.min.css HTTP/1.1" - 200 122540 0.007/0.049
[23/Aug/2016:13:23:59 +0000] "GET / HTTP/1.1" - 200 30238 0.999/0.999
[23/Aug/2016:13:24:00 +0000] "GET / HTTP/1.1" - 200 30392 0.792/0.792
[23/Aug/2016:13:24:00 +0000] "POST /diary/comment/497268 HTTP/1.1" - 302 0 0.021/0.021
[23/Aug/2016:13:24:00 +0000] "POST /diary/entry HTTP/1.1" - 302 0 0.010/0.010
[23/Aug/2016:13:24:00 +0000] "GET /profile/edwardo3657 HTTP/1.1" - 200 4293 0.042/0.042
[23/Aug/2016:13:24:00 +0000] "GET /profile/edwardo3657 HTTP/1.1" - 200 4349 0.035/0.035
[23/Aug/2016:13:24:00 +0000] "POST /profile/edwardo3657 HTTP/1.1" - 302 0 0.019/0.019
[23/Aug/2016:13:24:01 +0000] "GET /footprints HTTP/1.1" - 200 8394 0.279/0.279
[23/Aug/2016:13:24:02 +0000] "GET / HTTP/1.1" - 200 30238 0.835/0.835
[23/Aug/2016:13:24:03 +0000] "GET /diary/entries/edwardo3657 HTTP/1.1" - 200 69560 0.146/0.146
[23/Aug/2016:13:24:03 +0000] "GET /diary/entry/500062 HTTP/1.1" - 200 1293 0.020/0.020
[23/Aug/2016:13:24:03 +0000] "GET /diary/entries/edwardo3657 HTTP/1.1" - 200 72884 0.137/0.137
[23/Aug/2016:13:24:03 +0000] "GET /diary/entry/500062 HTTP/1.1" - 403 466 0.015/0.015
[23/Aug/2016:13:24:04 +0000] "GET /friends HTTP/1.1" - 200 19332 0.573/0.573
[23/Aug/2016:13:24:04 +0000] "POST /friends/armand875 HTTP/1.1" - 302 0 0.009/0.009
[23/Aug/2016:13:24:05 +0000] "GET /friends HTTP/1.1" - 200 19505 0.489/0.489
[23/Aug/2016:13:24:06 +0000] "GET /diary/entries/edwardo3657 HTTP/1.1" - 200 69560 0.086/0.086
[23/Aug/2016:13:24:06 +0000] "GET /diary/entry/500062 HTTP/1.1" - 200 1293 0.016/0.016
[23/Aug/2016:13:24:06 +0000] "GET /logout HTTP/1.1" - 302 0 0.003/0.003
[23/Aug/2016:13:24:06 +0000] "GET /logout HTTP/1.1" - 302 0 0.002/0.002
[23/Aug/2016:13:24:06 +0000] "GET /logout HTTP/1.1" - 302 0 0.002/0.002
[23/Aug/2016:13:24:06 +0000] "GET /logout HTTP/1.1" - 302 0 0.002/0.002
[23/Aug/2016:13:24:06 +0000] "GET / HTTP/1.1" - 302 0 0.001/0.001
[23/Aug/2016:13:24:06 +0000] "GET /login HTTP/1.1" - 200 1092 0.008/0.008
[23/Aug/2016:13:24:06 +0000] "GET /login HTTP/1.1" - 200 1092 0.009/0.009
[23/Aug/2016:13:24:06 +0000] "GET /login HTTP/1.1" - 200 1092 0.011/0.011
[23/Aug/2016:13:24:06 +0000] "GET /login HTTP/1.1" - 200 1092 0.012/0.012
[23/Aug/2016:13:24:06 +0000] "POST /login HTTP/1.1" - 302 0 0.006/0.006
[23/Aug/2016:13:24:06 +0000] "GET /login HTTP/1.1" - 200 1092 0.018/0.018
[23/Aug/2016:13:24:06 +0000] "POST /login HTTP/1.1" - 302 0 0.004/0.004
[23/Aug/2016:13:24:06 +0000] "POST /login HTTP/1.1" - 302 0 0.004/0.004
[23/Aug/2016:13:24:06 +0000] "POST /login HTTP/1.1" - 302 0 0.006/0.006
[23/Aug/2016:13:24:06 +0000] "POST /login HTTP/1.1" - 302 0 0.003/0.003
[23/Aug/2016:13:24:08 +0000] "GET / HTTP/1.1" - 200 30497 1.645/1.645
[23/Aug/2016:13:24:08 +0000] "GET /profile/maida_hane3532 HTTP/1.1" - 200 4456 0.057/0.057
[23/Aug/2016:13:24:08 +0000] "GET /diary/entries/maida_hane3532 HTTP/1.1" - 200 75218 0.248/0.248
[23/Aug/2016:13:24:08 +0000] "GET /diary/entry/499391 HTTP/1.1" - 200 4229 0.037/0.037
[23/Aug/2016:13:24:08 +0000] "POST /diary/comment/499391 HTTP/1.1" - 302 0 0.007/0.007
[23/Aug/2016:13:24:08 +0000] "GET / HTTP/1.1" - 200 30324 2.356/2.356
[23/Aug/2016:13:24:08 +0000] "GET / HTTP/1.1" - 302 0 0.003/0.003
[23/Aug/2016:13:24:08 +0000] "GET / HTTP/1.1" - 200 30615 2.381/2.381
[23/Aug/2016:13:24:08 +0000] "GET / HTTP/1.1" - 200 30302 2.406/2.406
[23/Aug/2016:13:24:08 +0000] "GET /login HTTP/1.1" - 200 1092 0.007/0.007
[23/Aug/2016:13:24:08 +0000] "GET / HTTP/1.1" - 200 30302 2.450/2.450
[23/Aug/2016:13:24:08 +0000] "POST /login HTTP/1.1" - 302 0 0.012/0.012
[23/Aug/2016:13:24:08 +0000] "GET /profile/ashlee4481 HTTP/1.1" - 200 4298 0.044/0.044
[23/Aug/2016:13:24:09 +0000] "GET /profile/benedict_satterfield2493 HTTP/1.1" - 200 4332 0.129/0.129
[23/Aug/2016:13:24:09 +0000] "GET /profile/joesph_langworth88 HTTP/1.1" - 200 4363 0.101/0.101
[23/Aug/2016:13:24:09 +0000] "GET /diary/entries/ashlee4481 HTTP/1.1" - 200 74005 0.355/0.355
[23/Aug/2016:13:24:09 +0000] "GET /diary/entries/joesph_langworth88 HTTP/1.1" - 200 73573 0.259/0.259
[23/Aug/2016:13:24:09 +0000] "GET /diary/entries/benedict_satterfield2493 HTTP/1.1" - 200 74689 0.286/0.286
[23/Aug/2016:13:24:09 +0000] "GET /diary/entry/496699 HTTP/1.1" - 200 4292 0.022/0.022
[23/Aug/2016:13:24:09 +0000] "POST /diary/comment/496699 HTTP/1.1" - 302 0 0.022/0.022
[23/Aug/2016:13:24:09 +0000] "GET /diary/entry/484389 HTTP/1.1" - 200 5236 0.032/0.032
[23/Aug/2016:13:24:09 +0000] "GET /diary/entry/485272 HTTP/1.1" - 200 4232 0.032/0.032
[23/Aug/2016:13:24:09 +0000] "GET / HTTP/1.1" - 302 0 0.003/0.003
[23/Aug/2016:13:24:09 +0000] "POST /diary/comment/484389 HTTP/1.1" - 302 0 0.008/0.008
[23/Aug/2016:13:24:09 +0000] "POST /diary/comment/485272 HTTP/1.1" - 302 0 0.006/0.006
[23/Aug/2016:13:24:09 +0000] "GET / HTTP/1.1" - 302 0 0.003/0.003
[23/Aug/2016:13:24:09 +0000] "GET /login HTTP/1.1" - 200 1092 0.022/0.022
[23/Aug/2016:13:24:09 +0000] "GET / HTTP/1.1" - 302 0 0.011/0.011
[23/Aug/2016:13:24:09 +0000] "POST /login HTTP/1.1" - 302 0 0.011/0.011
[23/Aug/2016:13:24:09 +0000] "GET /login HTTP/1.1" - 200 1092 0.021/0.021
[23/Aug/2016:13:24:09 +0000] "GET /login HTTP/1.1" - 200 1092 0.028/0.028
[23/Aug/2016:13:24:09 +0000] "POST /login HTTP/1.1" - 302 0 0.003/0.003
[23/Aug/2016:13:24:09 +0000] "POST /login HTTP/1.1" - 302 0 0.007/0.007
[23/Aug/2016:13:24:10 +0000] "GET / HTTP/1.1" - 200 30585 1.685/1.685
[23/Aug/2016:13:24:10 +0000] "GET / HTTP/1.1" - 200 30615 1.809/1.809
[23/Aug/2016:13:24:10 +0000] "GET / HTTP/1.1" - 302 0 0.002/0.002
[23/Aug/2016:13:24:10 +0000] "GET /login HTTP/1.1" - 200 1092 0.021/0.021
[23/Aug/2016:13:24:10 +0000] "POST /login HTTP/1.1" - 302 0 0.007/0.007
[23/Aug/2016:13:24:11 +0000] "GET / HTTP/1.1" - 200 30275 1.778/1.778
[23/Aug/2016:13:24:11 +0000] "GET / HTTP/1.1" - 200 30448 1.754/1.754
[23/Aug/2016:13:24:11 +0000] "GET / HTTP/1.1" - 200 30468 1.865/1.865
[23/Aug/2016:13:24:11 +0000] "GET /friends HTTP/1.1" - 200 18931 0.932/0.932
[23/Aug/2016:13:24:12 +0000] "GET /friends HTTP/1.1" - 200 17270 0.719/0.719
[23/Aug/2016:13:24:12 +0000] "GET /friends HTTP/1.1" - 200 16970 0.966/0.966
[23/Aug/2016:13:24:12 +0000] "GET / HTTP/1.1" - 200 30592 1.568/1.568
[23/Aug/2016:13:24:12 +0000] "GET /friends HTTP/1.1" - 200 21277 1.055/1.055
[23/Aug/2016:13:24:13 +0000] "GET / HTTP/1.1" - 200 30585 1.344/1.344
[23/Aug/2016:13:24:13 +0000] "GET / HTTP/1.1" - 200 30275 1.355/1.355
[23/Aug/2016:13:24:13 +0000] "GET /footprints HTTP/1.1" - 200 8378 0.743/0.743
[23/Aug/2016:13:24:14 +0000] "GET /diary/entries/maida_hane3532 HTTP/1.1" - 200 76340 0.217/0.217
[23/Aug/2016:13:24:14 +0000] "GET / HTTP/1.1" - 200 30592 1.534/1.534
[23/Aug/2016:13:24:14 +0000] "GET / HTTP/1.1" - 200 30448 1.639/1.639
[23/Aug/2016:13:24:14 +0000] "GET /diary/entry/499391 HTTP/1.1" - 200 4587 0.027/0.027
[23/Aug/2016:13:24:14 +0000] "GET /footprints HTTP/1.1" - 200 8351 0.483/0.483
[23/Aug/2016:13:24:14 +0000] "GET / HTTP/1.1" - 200 30468 1.690/1.690
[23/Aug/2016:13:24:14 +0000] "GET /diary/entry/499391 HTTP/1.1" - 200 4587 0.027/0.027
[23/Aug/2016:13:24:14 +0000] "GET /diary/entries/ashlee4481 HTTP/1.1" - 200 74856 0.140/0.140
[23/Aug/2016:13:24:14 +0000] "GET /profile/maida_hane3532 HTTP/1.1" - 200 7737 0.093/0.093
[23/Aug/2016:13:24:14 +0000] "POST /diary/entry HTTP/1.1" - 302 0 0.015/0.015
[23/Aug/2016:13:24:14 +0000] "GET /diary/entry/496699 HTTP/1.1" - 200 4647 0.021/0.021
[23/Aug/2016:13:24:14 +0000] "GET /diary/entry/496699 HTTP/1.1" - 200 4647 0.028/0.028
[23/Aug/2016:13:24:14 +0000] "GET /diary/entries/maida_hane3532 HTTP/1.1" - 200 73241 0.137/0.137
[23/Aug/2016:13:24:14 +0000] "GET /profile/ashlee4481 HTTP/1.1" - 200 7560 0.040/0.040
[23/Aug/2016:13:24:14 +0000] "GET /footprints HTTP/1.1" - 200 8421 0.381/0.381
[23/Aug/2016:13:24:14 +0000] "POST /diary/entry HTTP/1.1" - 302 0 0.007/0.007
[23/Aug/2016:13:24:14 +0000] "GET /footprints HTTP/1.1" - 200 8374 0.433/0.433
[23/Aug/2016:13:24:15 +0000] "GET /diary/entries/joesph_langworth88 HTTP/1.1" - 200 74812 0.103/0.103
[23/Aug/2016:13:24:15 +0000] "GET /profile/aaliyah_reichel2696 HTTP/1.1" - 200 4377 0.063/0.063
[23/Aug/2016:13:24:15 +0000] "GET /diary/entries/ashlee4481 HTTP/1.1" - 200 71866 0.109/0.109
[23/Aug/2016:13:24:15 +0000] "GET /logout HTTP/1.1" - 302 0 0.002/0.002
[23/Aug/2016:13:24:15 +0000] "GET /diary/entries/benedict_satterfield2493 HTTP/1.1" - 200 75551 0.096/0.096
[23/Aug/2016:13:24:15 +0000] "GET /login HTTP/1.1" - 200 1092 0.006/0.006
[23/Aug/2016:13:24:15 +0000] "GET /diary/entry/484389 HTTP/1.1" - 302 0 0.002/0.002
[23/Aug/2016:13:24:15 +0000] "POST /login HTTP/1.1" - 302 0 0.003/0.003
[23/Aug/2016:13:24:15 +0000] "GET /profile/annamae350 HTTP/1.1" - 200 4433 0.026/0.026
[23/Aug/2016:13:24:15 +0000] "GET /diary/entry/484389 HTTP/1.1" - 200 5602 0.026/0.026
[23/Aug/2016:13:24:15 +0000] "GET /logout HTTP/1.1" - 302 0 0.003/0.003
[23/Aug/2016:13:24:15 +0000] "GET /diary/entry/485272 HTTP/1.1" - 200 4589 0.021/0.021
[23/Aug/2016:13:24:15 +0000] "GET /login HTTP/1.1" - 200 1092 0.008/0.008
[23/Aug/2016:13:24:15 +0000] "GET /diary/entry/485272 HTTP/1.1" - 200 4589 0.017/0.017
[23/Aug/2016:13:24:15 +0000] "GET /profile/joesph_langworth88 HTTP/1.1" - 200 7633 0.050/0.050
[23/Aug/2016:13:24:15 +0000] "POST /login HTTP/1.1" - 302 0 0.003/0.003
[23/Aug/2016:13:24:15 +0000] "POST /diary/entry HTTP/1.1" - 302 0 0.008/0.008
[23/Aug/2016:13:24:15 +0000] "GET /profile/benedict_satterfield2493 HTTP/1.1" - 200 7608 0.058/0.058
[23/Aug/2016:13:24:15 +0000] "POST /diary/entry HTTP/1.1" - 302 0 0.037/0.037
[23/Aug/2016:13:24:15 +0000] "GET /diary/entries/joesph_langworth88 HTTP/1.1" - 200 71683 0.135/0.135
[23/Aug/2016:13:24:15 +0000] "GET /diary/entries/benedict_satterfield2493 HTTP/1.1" - 200 72512 0.169/0.169
[23/Aug/2016:13:24:15 +0000] "GET /profile/brayan1665 HTTP/1.1" - 200 4476 0.076/0.076
[23/Aug/2016:13:24:15 +0000] "GET /logout HTTP/1.1" - 302 0 0.003/0.003
[23/Aug/2016:13:24:15 +0000] "GET /login HTTP/1.1" - 200 1092 0.009/0.009
[23/Aug/2016:13:24:15 +0000] "GET /profile/maybell3768 HTTP/1.1" - 200 4622 0.044/0.044
[23/Aug/2016:13:24:15 +0000] "POST /login HTTP/1.1" - 302 0 0.007/0.007
[23/Aug/2016:13:24:15 +0000] "GET /logout HTTP/1.1" - 302 0 0.002/0.002
[23/Aug/2016:13:24:15 +0000] "GET /login HTTP/1.1" - 200 1092 0.034/0.034
[23/Aug/2016:13:24:15 +0000] "POST /login HTTP/1.1" - 302 0 0.002/0.002
[23/Aug/2016:13:24:16 +0000] "GET /friends HTTP/1.1" - 200 19192 0.826/0.826
[23/Aug/2016:13:24:16 +0000] "POST /friends/aidan_tremblay4622 HTTP/1.1" - 302 0 0.007/0.007
[23/Aug/2016:13:24:16 +0000] "GET / HTTP/1.1" - 200 30448 1.174/1.174
[23/Aug/2016:13:24:16 +0000] "GET /profile/aurore_senger1051 HTTP/1.1" - 200 4345 0.080/0.080
[23/Aug/2016:13:24:16 +0000] "GET / HTTP/1.1" - 200 30109 1.251/1.251
[23/Aug/2016:13:24:16 +0000] "GET /diary/entries/aurore_senger1051 HTTP/1.1" - 200 74330 0.082/0.082
[23/Aug/2016:13:24:16 +0000] "GET /profile/vada4885 HTTP/1.1" - 200 4306 0.043/0.043
[23/Aug/2016:13:24:16 +0000] "GET /diary/entry/499927 HTTP/1.1" - 200 4607 0.019/0.019
[23/Aug/2016:13:24:16 +0000] "POST /diary/comment/499927 HTTP/1.1" - 302 0 0.007/0.007
[23/Aug/2016:13:24:16 +0000] "GET /diary/entries/vada4885 HTTP/1.1" - 200 74787 0.128/0.128
[23/Aug/2016:13:24:17 +0000] "GET /diary/entry/495513 HTTP/1.1" - 200 4229 0.039/0.039
[23/Aug/2016:13:24:17 +0000] "GET / HTTP/1.1" - 200 30109 1.181/1.181
[23/Aug/2016:13:24:17 +0000] "POST /diary/comment/495513 HTTP/1.1" - 302 0 0.007/0.007
[23/Aug/2016:13:24:17 +0000] "GET / HTTP/1.1" - 302 0 0.002/0.002
[23/Aug/2016:13:24:17 +0000] "GET /login HTTP/1.1" - 200 1092 0.009/0.009
[23/Aug/2016:13:24:17 +0000] "GET /profile/armando772 HTTP/1.1" - 200 4344 0.070/0.070
[23/Aug/2016:13:24:17 +0000] "POST /login HTTP/1.1" - 302 0 0.003/0.003
[23/Aug/2016:13:24:17 +0000] "GET / HTTP/1.1" - 200 30109 1.212/1.212
[23/Aug/2016:13:24:17 +0000] "GET /diary/entries/armando772 HTTP/1.1" - 200 74523 0.117/0.117
[23/Aug/2016:13:24:17 +0000] "GET /profile/aaliyah_reichel2696 HTTP/1.1" - 200 4377 0.062/0.062
[23/Aug/2016:13:24:17 +0000] "GET /diary/entry/492099 HTTP/1.1" - 200 4692 0.039/0.039
[23/Aug/2016:13:24:17 +0000] "GET /diary/entries/aaliyah_reichel2696 HTTP/1.1" - 200 73385 0.128/0.128
[23/Aug/2016:13:24:17 +0000] "POST /diary/comment/492099 HTTP/1.1" - 302 0 0.017/0.017
[23/Aug/2016:13:24:17 +0000] "GET / HTTP/1.1" - 302 0 0.002/0.002
[23/Aug/2016:13:24:17 +0000] "GET /login HTTP/1.1" - 200 1092 0.021/0.021
[23/Aug/2016:13:24:17 +0000] "GET /diary/entry/498759 HTTP/1.1" - 200 4292 0.031/0.031
[23/Aug/2016:13:24:17 +0000] "POST /login HTTP/1.1" - 302 0 0.003/0.003
[23/Aug/2016:13:24:17 +0000] "POST /diary/comment/498759 HTTP/1.1" - 302 0 0.007/0.007
[23/Aug/2016:13:24:18 +0000] "GET / HTTP/1.1" - 200 30334 1.322/1.322
[23/Aug/2016:13:24:18 +0000] "GET /friends HTTP/1.1" - 200 19379 1.184/1.184
[23/Aug/2016:13:24:18 +0000] "GET / HTTP/1.1" - 302 0 0.002/0.002
[23/Aug/2016:13:24:18 +0000] "GET /login HTTP/1.1" - 200 1092 0.008/0.008
[23/Aug/2016:13:24:18 +0000] "POST /login HTTP/1.1" - 302 0 0.011/0.011
[23/Aug/2016:13:24:18 +0000] "GET / HTTP/1.1" - 200 30358 1.641/1.641
[23/Aug/2016:13:24:19 +0000] "GET / HTTP/1.1" - 200 30493 1.942/1.942
[23/Aug/2016:13:24:19 +0000] "GET /friends HTTP/1.1" - 200 19905 1.485/1.485
[23/Aug/2016:13:24:19 +0000] "GET / HTTP/1.1" - 200 30228 2.077/2.077
[23/Aug/2016:13:24:20 +0000] "GET /friends HTTP/1.1" - 200 17233 1.217/1.217
[23/Aug/2016:13:24:20 +0000] "GET / HTTP/1.1" - 200 30327 1.773/1.773
[23/Aug/2016:13:24:21 +0000] "GET /friends HTTP/1.1" - 200 18081 1.223/1.223
[23/Aug/2016:13:24:21 +0000] "GET /friends HTTP/1.1" - 200 17938 1.143/1.143
[23/Aug/2016:13:24:21 +0000] "GET / HTTP/1.1" - 200 30334 1.673/1.673
[23/Aug/2016:13:24:21 +0000] "GET / HTTP/1.1" - 200 30351 1.617/1.617
[23/Aug/2016:13:24:21 +0000] "GET / HTTP/1.1" - 200 30327 1.348/1.348
[23/Aug/2016:13:24:22 +0000] "GET /footprints HTTP/1.1" - 200 8418 0.561/0.561
[23/Aug/2016:13:24:22 +0000] "GET /diary/entries/aurore_senger1051 HTTP/1.1" - 200 75255 0.158/0.158
[23/Aug/2016:13:24:22 +0000] "GET /diary/entry/499927 HTTP/1.1" - 200 4960 0.024/0.024
[23/Aug/2016:13:24:22 +0000] "GET / HTTP/1.1" - 200 30228 1.443/1.443
[23/Aug/2016:13:24:22 +0000] "GET /diary/entry/499927 HTTP/1.1" - 200 4960 0.040/0.040
[23/Aug/2016:13:24:22 +0000] "GET /footprints HTTP/1.1" - 200 8377 0.493/0.493
[23/Aug/2016:13:24:22 +0000] "GET / HTTP/1.1" - 200 30493 1.526/1.526
[23/Aug/2016:13:24:22 +0000] "GET /profile/aurore_senger1051 HTTP/1.1" - 200 7614 0.035/0.035
[23/Aug/2016:13:24:22 +0000] "POST /diary/entry HTTP/1.1" - 302 0 0.006/0.006
[23/Aug/2016:13:24:22 +0000] "GET /diary/entries/vada4885 HTTP/1.1" - 200 75147 0.112/0.112
[23/Aug/2016:13:24:22 +0000] "GET /diary/entries/aurore_senger1051 HTTP/1.1" - 200 72097 0.122/0.122
[23/Aug/2016:13:24:22 +0000] "GET /diary/entry/495513 HTTP/1.1" - 200 4584 0.030/0.030
[23/Aug/2016:13:24:22 +0000] "GET /diary/entry/495513 HTTP/1.1" - 200 4584 0.050/0.050
[23/Aug/2016:13:24:23 +0000] "GET /profile/vaughn_heathcote3206 HTTP/1.1" - 200 4333 0.054/0.054
[23/Aug/2016:13:24:23 +0000] "GET /logout HTTP/1.1" - 302 0 0.002/0.002
[23/Aug/2016:13:24:23 +0000] "GET /profile/vada4885 HTTP/1.1" - 200 7563 0.043/0.043
[23/Aug/2016:13:24:23 +0000] "GET /login HTTP/1.1" - 200 1092 0.007/0.007
[23/Aug/2016:13:24:23 +0000] "POST /diary/entry HTTP/1.1" - 302 0 0.006/0.006
[23/Aug/2016:13:24:23 +0000] "POST /login HTTP/1.1" - 302 0 0.003/0.003
[23/Aug/2016:13:24:23 +0000] "GET /footprints HTTP/1.1" - 200 8367 0.486/0.486
[23/Aug/2016:13:24:23 +0000] "GET /footprints HTTP/1.1" - 200 8379 0.472/0.472
[23/Aug/2016:13:24:23 +0000] "GET / HTTP/1.1" - 200 30592 1.157/1.157
[23/Aug/2016:13:24:23 +0000] "GET /diary/entries/vada4885 HTTP/1.1" - 200 71681 0.136/0.136
[23/Aug/2016:13:24:23 +0000] "GET /diary/entries/aaliyah_reichel2696 HTTP/1.1" - 200 74247 0.147/0.147
[23/Aug/2016:13:24:23 +0000] "GET /diary/entries/armando772 HTTP/1.1" - 200 75960 0.131/0.131
[23/Aug/2016:13:24:23 +0000] "GET /profile/armando772 HTTP/1.1" - 200 4344 0.023/0.023
[23/Aug/2016:13:24:23 +0000] "GET /logout HTTP/1.1" - 302 0 0.002/0.002
[23/Aug/2016:13:24:23 +0000] "GET /diary/entry/498759 HTTP/1.1" - 200 4647 0.011/0.011
[23/Aug/2016:13:24:23 +0000] "GET /diary/entry/492099 HTTP/1.1" - 302 0 0.002/0.002
[23/Aug/2016:13:24:23 +0000] "GET /login HTTP/1.1" - 200 1092 0.006/0.006
[23/Aug/2016:13:24:23 +0000] "GET /diary/entry/498759 HTTP/1.1" - 200 4647 0.016/0.016
[23/Aug/2016:13:24:23 +0000] "POST /login HTTP/1.1" - 302 0 0.001/0.001
[23/Aug/2016:13:24:23 +0000] "GET /diary/entry/492099 HTTP/1.1" - 200 5055 0.019/0.019
[23/Aug/2016:13:24:23 +0000] "GET /profile/aaliyah_reichel2696 HTTP/1.1" - 200 7645 0.024/0.024
[23/Aug/2016:13:24:23 +0000] "GET /profile/armando772 HTTP/1.1" - 200 7624 0.035/0.035
[23/Aug/2016:13:24:23 +0000] "POST /diary/entry HTTP/1.1" - 302 0 0.007/0.007
[23/Aug/2016:13:24:23 +0000] "POST /diary/entry HTTP/1.1" - 302 0 0.020/0.020
[23/Aug/2016:13:24:23 +0000] "GET /diary/entries/aaliyah_reichel2696 HTTP/1.1" - 200 71182 0.109/0.109
[23/Aug/2016:13:24:23 +0000] "GET /diary/entries/armando772 HTTP/1.1" - 200 72711 0.111/0.111
[23/Aug/2016:13:24:23 +0000] "GET /profile/ashlee4481 HTTP/1.1" - 200 4298 0.035/0.035
[23/Aug/2016:13:24:23 +0000] "GET /logout HTTP/1.1" - 302 0 0.005/0.005
[23/Aug/2016:13:24:23 +0000] "GET /profile/vaughn_heathcote3206 HTTP/1.1" - 200 4333 0.044/0.044
[23/Aug/2016:13:24:23 +0000] "GET /login HTTP/1.1" - 200 1092 0.008/0.008
[23/Aug/2016:13:24:24 +0000] "GET /logout HTTP/1.1" - 302 0 0.003/0.003
[23/Aug/2016:13:24:24 +0000] "POST /login HTTP/1.1" - 302 0 0.003/0.003
[23/Aug/2016:13:24:24 +0000] "GET /login HTTP/1.1" - 200 1092 0.009/0.009
[23/Aug/2016:13:24:24 +0000] "POST /login HTTP/1.1" - 302 0 0.003/0.003
[23/Aug/2016:13:24:24 +0000] "GET / HTTP/1.1" - 200 30261 1.003/1.003
[23/Aug/2016:13:24:24 +0000] "GET /profile/ashleigh_blick1542 HTTP/1.1" - 200 4344 0.044/0.044
[23/Aug/2016:13:24:24 +0000] "GET /diary/entries/ashleigh_blick1542 HTTP/1.1" - 200 74889 0.136/0.136
[23/Aug/2016:13:24:24 +0000] "GET /diary/entry/496547 HTTP/1.1" - 200 4292 0.026/0.026
[23/Aug/2016:13:24:24 +0000] "POST /diary/comment/496547 HTTP/1.1" - 302 0 0.018/0.018
[23/Aug/2016:13:24:24 +0000] "GET / HTTP/1.1" - 200 30490 1.253/1.253
[23/Aug/2016:13:24:25 +0000] "GET /profile/melvin257 HTTP/1.1" - 200 4707 0.107/0.107
[23/Aug/2016:13:24:25 +0000] "GET /diary/entries/melvin257 HTTP/1.1" - 200 74096 0.132/0.132
[23/Aug/2016:13:24:25 +0000] "GET /diary/entry/488656 HTTP/1.1" - 200 4229 0.020/0.020
[23/Aug/2016:13:24:25 +0000] "GET /friends HTTP/1.1" - 200 18172 0.966/0.966
[23/Aug/2016:13:24:25 +0000] "POST /diary/comment/488656 HTTP/1.1" - 302 0 0.006/0.006
[23/Aug/2016:13:24:25 +0000] "GET / HTTP/1.1" - 200 30101 1.320/1.320
[23/Aug/2016:13:24:25 +0000] "POST /friends/dominique3424 HTTP/1.1" - 302 0 0.015/0.015
[23/Aug/2016:13:24:25 +0000] "GET / HTTP/1.1" - 200 30252 1.298/1.298
[23/Aug/2016:13:24:25 +0000] "GET /profile/hilario2774 HTTP/1.1" - 200 4573 0.035/0.035
[23/Aug/2016:13:24:25 +0000] "GET /profile/brayan1665 HTTP/1.1" - 200 4476 0.036/0.036
[23/Aug/2016:13:24:25 +0000] "GET /diary/entries/hilario2774 HTTP/1.1" - 200 74777 0.083/0.083
[23/Aug/2016:13:24:25 +0000] "GET /diary/entries/brayan1665 HTTP/1.1" - 200 73525 0.110/0.110
[23/Aug/2016:13:24:25 +0000] "GET /diary/entry/498373 HTTP/1.1" - 200 4621 0.019/0.019
[23/Aug/2016:13:24:25 +0000] "POST /diary/comment/498373 HTTP/1.1" - 302 0 0.007/0.007
[23/Aug/2016:13:24:25 +0000] "GET /diary/entry/494842 HTTP/1.1" - 200 4920 0.017/0.017
[23/Aug/2016:13:24:25 +0000] "GET / HTTP/1.1" - 200 30235 1.171/1.171
[23/Aug/2016:13:24:25 +0000] "POST /diary/comment/494842 HTTP/1.1" - 302 0 0.006/0.006
[23/Aug/2016:13:24:25 +0000] "GET / HTTP/1.1" - 302 0 0.003/0.003
[23/Aug/2016:13:24:25 +0000] "GET /login HTTP/1.1" - 200 1092 0.008/0.008
[23/Aug/2016:13:24:26 +0000] "POST /login HTTP/1.1" - 302 0 0.008/0.008
[23/Aug/2016:13:24:26 +0000] "GET / HTTP/1.1" - 200 30001 1.083/1.083
[23/Aug/2016:13:24:26 +0000] "GET /friends HTTP/1.1" - 200 15401 0.673/0.673
[23/Aug/2016:13:24:27 +0000] "GET / HTTP/1.1" - 200 30173 1.289/1.289
[23/Aug/2016:13:24:27 +0000] "GET /friends HTTP/1.1" - 200 18359 0.923/0.923
[23/Aug/2016:13:24:27 +0000] "GET / HTTP/1.1" - 302 0 0.002/0.002
[23/Aug/2016:13:24:27 +0000] "GET /login HTTP/1.1" - 200 1092 0.007/0.007
[23/Aug/2016:13:24:27 +0000] "POST /login HTTP/1.1" - 302 0 0.005/0.005
[23/Aug/2016:13:24:27 +0000] "GET /friends HTTP/1.1" - 200 19132 1.021/1.021
[23/Aug/2016:13:24:27 +0000] "GET / HTTP/1.1" - 200 30360 1.579/1.579
[23/Aug/2016:13:24:28 +0000] "GET / HTTP/1.1" - 200 30235 1.349/1.349
[23/Aug/2016:13:24:28 +0000] "GET /friends HTTP/1.1" - 200 19170 0.938/0.938
[23/Aug/2016:13:24:28 +0000] "GET /friends HTTP/1.1" - 200 17085 0.873/0.873
[23/Aug/2016:13:24:28 +0000] "GET /footprints HTTP/1.1" - 200 8311 0.636/0.636
[23/Aug/2016:13:24:28 +0000] "GET / HTTP/1.1" - 200 30284 1.304/1.304
[23/Aug/2016:13:24:28 +0000] "GET /diary/entries/ashleigh_blick1542 HTTP/1.1" - 200 75652 0.122/0.122
[23/Aug/2016:13:24:28 +0000] "GET / HTTP/1.1" - 200 30001 1.338/1.338
[23/Aug/2016:13:24:29 +0000] "GET /diary/entry/496547 HTTP/1.1" - 200 4640 0.018/0.018
[23/Aug/2016:13:24:29 +0000] "GET /diary/entry/496547 HTTP/1.1" - 200 4640 0.026/0.026
[23/Aug/2016:13:24:29 +0000] "GET /profile/ashleigh_blick1542 HTTP/1.1" - 200 7611 0.076/0.076
[23/Aug/2016:13:24:29 +0000] "POST /diary/entry HTTP/1.1" - 302 0 0.010/0.010
[23/Aug/2016:13:24:29 +0000] "GET /diary/entries/ashleigh_blick1542 HTTP/1.1" - 200 72484 0.153/0.153
[23/Aug/2016:13:24:29 +0000] "GET /footprints HTTP/1.1" - 200 8345 0.535/0.535
[23/Aug/2016:13:24:29 +0000] "GET /profile/ola_spinka3898 HTTP/1.1" - 200 4502 0.042/0.042
[23/Aug/2016:13:24:29 +0000] "GET /logout HTTP/1.1" - 302 0 0.002/0.002
[23/Aug/2016:13:24:29 +0000] "GET /login HTTP/1.1" - 200 1092 0.007/0.007
[23/Aug/2016:13:24:29 +0000] "GET / HTTP/1.1" - 200 30173 1.540/1.540
[23/Aug/2016:13:24:29 +0000] "GET /diary/entries/melvin257 HTTP/1.1" - 200 75399 0.120/0.120
[23/Aug/2016:13:24:29 +0000] "POST /login HTTP/1.1" - 302 0 0.003/0.003
[23/Aug/2016:13:24:29 +0000] "GET / HTTP/1.1" - 200 30360 1.209/1.209
[23/Aug/2016:13:24:29 +0000] "GET /diary/entry/488656 HTTP/1.1" - 200 4577 0.019/0.019
[23/Aug/2016:13:24:30 +0000] "GET /diary/entry/488656 HTTP/1.1" - 200 4577 0.031/0.031
[23/Aug/2016:13:24:30 +0000] "GET /profile/melvin257 HTTP/1.1" - 200 7965 0.032/0.032
[23/Aug/2016:13:24:30 +0000] "POST /diary/entry HTTP/1.1" - 302 0 0.016/0.016
[23/Aug/2016:13:24:30 +0000] "GET / HTTP/1.1" - 200 30284 1.238/1.238
[23/Aug/2016:13:24:30 +0000] "GET / HTTP/1.1" - 302 0 0.002/0.002
[23/Aug/2016:13:24:30 +0000] "GET /login HTTP/1.1" - 200 1092 0.008/0.008
[23/Aug/2016:13:24:30 +0000] "GET /diary/entries/melvin257 HTTP/1.1" - 200 72232 0.107/0.107
[23/Aug/2016:13:24:30 +0000] "GET /footprints HTTP/1.1" - 200 8392 0.458/0.458
[23/Aug/2016:13:24:30 +0000] "POST /login HTTP/1.1" - 302 0 0.003/0.003
[23/Aug/2016:13:24:30 +0000] "GET /footprints HTTP/1.1" - 200 8350 0.434/0.434
[23/Aug/2016:13:24:30 +0000] "GET /profile/aaliyah_reichel2696 HTTP/1.1" - 200 4270 0.050/0.050
[23/Aug/2016:13:24:30 +0000] "GET /logout HTTP/1.1" - 302 0 0.002/0.002
[23/Aug/2016:13:24:30 +0000] "GET /diary/entries/hilario2774 HTTP/1.1" - 200 75839 0.155/0.155
[23/Aug/2016:13:24:30 +0000] "GET /login HTTP/1.1" - 200 1092 0.007/0.007
[23/Aug/2016:13:24:30 +0000] "GET /diary/entries/brayan1665 HTTP/1.1" - 200 75456 0.110/0.110
[23/Aug/2016:13:24:30 +0000] "POST /login HTTP/1.1" - 302 0 0.002/0.002
[23/Aug/2016:13:24:30 +0000] "GET /diary/entry/498373 HTTP/1.1" - 200 4968 0.021/0.021
[23/Aug/2016:13:24:30 +0000] "GET /diary/entry/494842 HTTP/1.1" - 200 5285 0.029/0.029
[23/Aug/2016:13:24:30 +0000] "GET /diary/entry/498373 HTTP/1.1" - 200 4968 0.025/0.025
[23/Aug/2016:13:24:30 +0000] "GET /diary/entry/494842 HTTP/1.1" - 200 5285 0.030/0.030
[23/Aug/2016:13:24:30 +0000] "GET /profile/hilario2774 HTTP/1.1" - 200 7836 0.033/0.033
[23/Aug/2016:13:24:30 +0000] "GET /profile/brayan1665 HTTP/1.1" - 200 7735 0.031/0.031
[23/Aug/2016:13:24:30 +0000] "POST /diary/entry HTTP/1.1" - 302 0 0.027/0.027
[23/Aug/2016:13:24:30 +0000] "POST /diary/entry HTTP/1.1" - 302 0 0.007/0.007
[23/Aug/2016:13:24:31 +0000] "GET /diary/entries/hilario2774 HTTP/1.1" - 200 72664 0.180/0.180
[23/Aug/2016:13:24:31 +0000] "GET /diary/entries/brayan1665 HTTP/1.1" - 200 72226 0.184/0.184
[23/Aug/2016:13:24:31 +0000] "GET / HTTP/1.1" - 200 30604 1.293/1.293
[23/Aug/2016:13:24:31 +0000] "GET /profile/annamae350 HTTP/1.1" - 200 4433 0.051/0.051
[23/Aug/2016:13:24:31 +0000] "GET /profile/annamae350 HTTP/1.1" - 200 4433 0.058/0.058
[23/Aug/2016:13:24:31 +0000] "GET /profile/vincent3181 HTTP/1.1" - 200 7591 0.045/0.045
[23/Aug/2016:13:24:31 +0000] "GET /logout HTTP/1.1" - 302 0 0.002/0.002
[23/Aug/2016:13:24:31 +0000] "GET /logout HTTP/1.1" - 302 0 0.002/0.002
[23/Aug/2016:13:24:31 +0000] "GET /login HTTP/1.1" - 200 1092 0.010/0.010
[23/Aug/2016:13:24:31 +0000] "GET /login HTTP/1.1" - 200 1092 0.008/0.008
[23/Aug/2016:13:24:31 +0000] "POST /login HTTP/1.1" - 302 0 0.003/0.003
[23/Aug/2016:13:24:31 +0000] "POST /login HTTP/1.1" - 302 0 0.003/0.003
[23/Aug/2016:13:24:31 +0000] "GET /diary/entries/vincent3181 HTTP/1.1" - 200 74801 0.095/0.095
[23/Aug/2016:13:24:31 +0000] "GET / HTTP/1.1" - 200 30523 1.055/1.055
[23/Aug/2016:13:24:31 +0000] "GET /diary/entry/497980 HTTP/1.1" - 200 4049 0.018/0.018
[23/Aug/2016:13:24:31 +0000] "POST /diary/comment/497980 HTTP/1.1" - 302 0 0.017/0.017
[23/Aug/2016:13:24:31 +0000] "GET / HTTP/1.1" - 200 30258 1.294/1.294
[23/Aug/2016:13:24:32 +0000] "GET /profile/aaliyah_reichel2696 HTTP/1.1" - 200 4270 0.039/0.039
[23/Aug/2016:13:24:32 +0000] "GET /diary/entries/aaliyah_reichel2696 HTTP/1.1" - 200 70257 0.136/0.136
[23/Aug/2016:13:24:32 +0000] "GET /diary/entry/500069 HTTP/1.1" - 200 1227 0.064/0.064
[23/Aug/2016:13:24:32 +0000] "POST /diary/comment/500069 HTTP/1.1" - 302 0 0.010/0.010
[23/Aug/2016:13:24:32 +0000] "GET / HTTP/1.1" - 200 30168 1.446/1.446
[23/Aug/2016:13:24:32 +0000] "GET / HTTP/1.1" - 200 29997 1.463/1.463
[23/Aug/2016:13:24:33 +0000] "GET /profile/armando772 HTTP/1.1" - 200 4184 0.053/0.053
[23/Aug/2016:13:24:33 +0000] "GET /profile/ola_spinka3898 HTTP/1.1" - 200 4502 0.049/0.049
[23/Aug/2016:13:24:33 +0000] "GET / HTTP/1.1" - 200 30523 1.548/1.548
[23/Aug/2016:13:24:33 +0000] "GET / HTTP/1.1" - 200 30532 1.519/1.519
[23/Aug/2016:13:24:33 +0000] "GET /diary/entries/ola_spinka3898 HTTP/1.1" - 200 74601 0.091/0.091
[23/Aug/2016:13:24:33 +0000] "GET /diary/entries/armando772 HTTP/1.1" - 200 71082 0.122/0.122
[23/Aug/2016:13:24:33 +0000] "GET /diary/entry/489266 HTTP/1.1" - 200 4998 0.024/0.024
[23/Aug/2016:13:24:33 +0000] "GET /diary/entry/500070 HTTP/1.1" - 200 1180 0.023/0.023
[23/Aug/2016:13:24:33 +0000] "POST /diary/comment/489266 HTTP/1.1" - 302 0 0.006/0.006
[23/Aug/2016:13:24:33 +0000] "POST /diary/comment/500070 HTTP/1.1" - 302 0 0.006/0.006
[23/Aug/2016:13:24:33 +0000] "GET / HTTP/1.1" - 200 30154 1.234/1.234
[23/Aug/2016:13:24:33 +0000] "GET /friends HTTP/1.1" - 200 18034 0.667/0.667
[23/Aug/2016:13:24:34 +0000] "GET /friends HTTP/1.1" - 200 17938 0.994/0.994
[23/Aug/2016:13:24:34 +0000] "GET / HTTP/1.1" - 200 30475 1.532/1.532
[23/Aug/2016:13:24:35 +0000] "GET / HTTP/1.1" - 200 29962 1.634/1.634
[23/Aug/2016:13:24:35 +0000] "GET /friends HTTP/1.1" - 200 18675 0.868/0.868
[23/Aug/2016:13:24:35 +0000] "POST /friends/teie_lehner4287 HTTP/1.1" - 302 0 0.010/0.010
[23/Aug/2016:13:24:35 +0000] "GET / HTTP/1.1" - 200 30532 1.493/1.493
[23/Aug/2016:13:24:35 +0000] "GET /friends HTTP/1.1" - 200 18081 0.635/0.635
[23/Aug/2016:13:24:35 +0000] "GET /friends HTTP/1.1" - 200 19907 0.748/0.748
[23/Aug/2016:13:24:36 +0000] "GET /footprints HTTP/1.1" - 200 8435 0.463/0.463
[23/Aug/2016:13:24:36 +0000] "GET / HTTP/1.1" - 200 30154 1.267/1.267
[23/Aug/2016:13:24:36 +0000] "GET /diary/entries/vincent3181 HTTP/1.1" - 200 74801 0.104/0.223
[23/Aug/2016:13:24:36 +0000] "GET /diary/entry/497980 HTTP/1.1" - 200 4395 0.022/0.022
[23/Aug/2016:13:24:36 +0000] "GET /diary/entry/497980 HTTP/1.1" - 200 4395 0.023/0.023
[23/Aug/2016:13:24:36 +0000] "GET /profile/vincent3181 HTTP/1.1" - 200 7591 0.039/0.039
[23/Aug/2016:13:24:36 +0000] "POST /diary/entry HTTP/1.1" - 302 0 0.010/0.010
[23/Aug/2016:13:24:36 +0000] "GET /diary/entries/vincent3181 HTTP/1.1" - 200 71700 0.133/0.133
[23/Aug/2016:13:24:36 +0000] "GET /footprints HTTP/1.1" - 200 8369 0.546/0.546
[23/Aug/2016:13:24:36 +0000] "GET /profile/melvin257 HTTP/1.1" - 200 4327 0.035/0.035
[23/Aug/2016:13:24:36 +0000] "GET /friends HTTP/1.1" - 200 18851 0.738/0.738
[23/Aug/2016:13:24:36 +0000] "GET /logout HTTP/1.1" - 302 0 0.002/0.002
[23/Aug/2016:13:24:36 +0000] "GET / HTTP/1.1" - 200 30475 1.267/1.267
[23/Aug/2016:13:24:36 +0000] "GET /login HTTP/1.1" - 200 1092 0.007/0.007
[23/Aug/2016:13:24:36 +0000] "GET /diary/entries/aaliyah_reichel2696 HTTP/1.1" - 200 71182 0.098/0.098
[23/Aug/2016:13:24:37 +0000] "POST /login HTTP/1.1" - 302 0 0.002/0.002
[23/Aug/2016:13:24:37 +0000] "GET /footprints HTTP/1.1" - 302 0 0.002/0.002
[23/Aug/2016:13:24:37 +0000] "GET /diary/entries/armando772 HTTP/1.1" - 302 0 0.001/0.001
[23/Aug/2016:13:24:37 +0000] "GET /diary/entry/500069 HTTP/1.1" - 200 1575 0.021/0.021
[23/Aug/2016:13:24:37 +0000] "GET / HTTP/1.1" - 200 29962 1.198/1.198
[23/Aug/2016:13:24:37 +0000] "GET /diary/entry/500070 HTTP/1.1" - 302 0 0.002/0.002
[23/Aug/2016:13:24:37 +0000] "GET /diary/entry/500069 HTTP/1.1" - 200 1575 0.023/0.023
[23/Aug/2016:13:24:37 +0000] "GET /diary/entry/500070 HTTP/1.1" - 200 1528 0.030/0.030
[23/Aug/2016:13:24:37 +0000] "GET /profile/armando772 HTTP/1.1" - 302 0 0.002/0.002
[23/Aug/2016:13:24:37 +0000] "GET /profile/aaliyah_reichel2696 HTTP/1.1" - 200 7538 0.030/0.030
[23/Aug/2016:13:24:37 +0000] "POST /diary/entry HTTP/1.1" - 302 0 0.002/0.002
[23/Aug/2016:13:24:37 +0000] "POST /diary/entry HTTP/1.1" - 302 0 0.006/0.006
[23/Aug/2016:13:24:37 +0000] "GET /diary/entries/armando772 HTTP/1.1" - 302 0 0.002/0.002
[23/Aug/2016:13:24:37 +0000] "GET /profile/bud_cruickshank2266 HTTP/1.1" - 302 0 0.007/0.007
[23/Aug/2016:13:24:37 +0000] "GET /logout HTTP/1.1" - 302 0 0.002/0.002
[23/Aug/2016:13:24:37 +0000] "GET /login HTTP/1.1" - 200 1092 0.008/0.008
[23/Aug/2016:13:24:37 +0000] "GET /diary/entries/aaliyah_reichel2696 HTTP/1.1" - 200 68063 0.129/0.129
[23/Aug/2016:13:24:37 +0000] "POST /login HTTP/1.1" - 302 0 0.009/0.009
[23/Aug/2016:13:24:37 +0000] "GET /profile/ola_spinka3898 HTTP/1.1" - 200 4502 0.044/0.044
[23/Aug/2016:13:24:37 +0000] "GET /footprints HTTP/1.1" - 200 8422 0.374/0.374
[23/Aug/2016:13:24:37 +0000] "GET /logout HTTP/1.1" - 302 0 0.002/0.002
[23/Aug/2016:13:24:37 +0000] "GET /login HTTP/1.1" - 200 1092 0.009/0.009
[23/Aug/2016:13:24:37 +0000] "POST /login HTTP/1.1" - 302 0 0.006/0.006
[23/Aug/2016:13:24:37 +0000] "GET /diary/entries/ola_spinka3898 HTTP/1.1" - 200 75512 0.148/0.148
[23/Aug/2016:13:24:37 +0000] "GET /diary/entry/489266 HTTP/1.1" - 200 5354 0.032/0.032
[23/Aug/2016:13:24:38 +0000] "GET /diary/entry/489266 HTTP/1.1" - 200 5354 0.031/0.031
[23/Aug/2016:13:24:38 +0000] "GET /profile/ola_spinka3898 HTTP/1.1" - 200 7771 0.058/0.058
[23/Aug/2016:13:24:38 +0000] "POST /diary/entry HTTP/1.1" - 302 0 0.038/0.038
[23/Aug/2016:13:24:38 +0000] "GET / HTTP/1.1" - 200 30615 1.403/1.403
[23/Aug/2016:13:24:38 +0000] "GET /diary/entries/ola_spinka3898 HTTP/1.1" - 200 72447 0.170/0.170
[23/Aug/2016:13:24:38 +0000] "GET / HTTP/1.1" - 200 30475 1.361/1.361
[23/Aug/2016:13:24:38 +0000] "GET /profile/benedict_satterfield2493 HTTP/1.1" - 302 0 0.002/0.002
[23/Aug/2016:13:24:38 +0000] "GET /profile/maida_hane3532 HTTP/1.1" - 200 4456 0.040/0.040
[23/Aug/2016:13:24:38 +0000] "GET /diary/entries/benedict_satterfield2493 HTTP/1.1" - 302 0 0.002/0.002
[23/Aug/2016:13:24:38 +0000] "GET /logout HTTP/1.1" - 302 0 0.001/0.001
[23/Aug/2016:13:24:38 +0000] "GET /login HTTP/1.1" - 200 1092 0.008/0.008
[23/Aug/2016:13:24:38 +0000] "POST /login HTTP/1.1" - 302 0 0.005/0.005
[23/Aug/2016:13:24:38 +0000] "GET / HTTP/1.1" - 200 30578 1.353/1.353
[23/Aug/2016:13:24:39 +0000] "GET /profile/vada4885 HTTP/1.1" - 200 4073 0.074/0.074
[23/Aug/2016:13:24:39 +0000] "GET / HTTP/1.1" - 200 30250 1.420/1.420
[23/Aug/2016:13:24:39 +0000] "GET /diary/entries/vada4885 HTTP/1.1" - 200 71629 0.152/0.152
[23/Aug/2016:13:24:39 +0000] "GET /profile/ashleigh_blick1542 HTTP/1.1" - 200 4344 0.041/0.041
[23/Aug/2016:13:24:39 +0000] "GET /diary/entry/500068 HTTP/1.1" - 200 1134 0.022/0.022
[23/Aug/2016:13:24:39 +0000] "POST /diary/comment/500068 HTTP/1.1" - 302 0 0.009/0.009
[23/Aug/2016:13:24:39 +0000] "GET /diary/entries/ashleigh_blick1542 HTTP/1.1" - 200 74889 0.126/0.126
[23/Aug/2016:13:24:39 +0000] "GET /diary/entry/496547 HTTP/1.1" - 200 4640 0.026/0.026
[23/Aug/2016:13:24:39 +0000] "GET / HTTP/1.1" - 200 30295 1.232/1.232
[23/Aug/2016:13:24:39 +0000] "POST /diary/comment/496547 HTTP/1.1" - 302 0 0.006/0.006
[23/Aug/2016:13:24:39 +0000] "GET / HTTP/1.1" - 200 30426 1.175/1.175
[23/Aug/2016:13:24:40 +0000] "GET /profile/glen4851 HTTP/1.1" - 200 4282 0.034/0.034
[23/Aug/2016:13:24:40 +0000] "GET / HTTP/1.1" - 200 30458 1.426/1.426
[23/Aug/2016:13:24:40 +0000] "GET /diary/entries/glen4851 HTTP/1.1" - 200 73408 0.107/0.107
[23/Aug/2016:13:24:40 +0000] "GET /diary/entry/497511 HTTP/1.1" - 200 4289 0.017/0.017
[23/Aug/2016:13:24:40 +0000] "POST /diary/comment/497511 HTTP/1.1" - 302 0 0.006/0.006
[23/Aug/2016:13:24:40 +0000] "GET / HTTP/1.1" - 302 0 0.001/0.001
[23/Aug/2016:13:24:40 +0000] "GET /login HTTP/1.1" - 200 1092 0.007/0.007
[23/Aug/2016:13:24:40 +0000] "POST /login HTTP/1.1" - 302 0 0.002/0.002
[23/Aug/2016:13:24:40 +0000] "GET / HTTP/1.1" - 200 30258 1.045/1.045
[23/Aug/2016:13:24:40 +0000] "GET /friends HTTP/1.1" - 200 16970 0.659/0.659
[23/Aug/2016:13:24:40 +0000] "GET / HTTP/1.1" - 200 30151 1.127/1.127
[23/Aug/2016:13:24:41 +0000] "GET /friends HTTP/1.1" - 200 17233 0.730/0.730
[23/Aug/2016:13:24:41 +0000] "GET /friends HTTP/1.1" - 200 19379 0.975/0.975
[23/Aug/2016:13:24:41 +0000] "GET /friends HTTP/1.1" - 200 15401 0.885/0.885
[23/Aug/2016:13:24:41 +0000] "POST /friends/aidan_tremblay4622 HTTP/1.1" - 302 0 0.010/0.010
[23/Aug/2016:13:24:42 +0000] "GET / HTTP/1.1" - 200 30317 1.535/1.535
[23/Aug/2016:13:24:42 +0000] "GET / HTTP/1.1" - 200 30458 1.374/1.374
[23/Aug/2016:13:24:42 +0000] "GET / HTTP/1.1" - 200 30258 1.141/1.141
[23/Aug/2016:13:24:42 +0000] "GET /footprints HTTP/1.1" - 200 8374 0.446/0.446
[23/Aug/2016:13:24:42 +0000] "GET /friends HTTP/1.1" - 200 17385 0.662/0.662
[23/Aug/2016:13:24:42 +0000] "GET /diary/entries/benedict_satterfield2493 HTTP/1.1" - 200 72512 0.084/0.084
[23/Aug/2016:13:24:43 +0000] "GET /profile/benedict_satterfield2493 HTTP/1.1" - 200 7447 0.041/0.041
[23/Aug/2016:13:24:43 +0000] "GET / HTTP/1.1" - 200 30151 1.117/1.117
[23/Aug/2016:13:24:43 +0000] "POST /diary/entry HTTP/1.1" - 302 0 0.005/0.005
[23/Aug/2016:13:24:43 +0000] "GET /footprints HTTP/1.1" - 200 8379 0.458/0.458
[23/Aug/2016:13:24:43 +0000] "GET /diary/entries/benedict_satterfield2493 HTTP/1.1" - 200 69419 0.129/0.129
[23/Aug/2016:13:24:43 +0000] "GET /diary/entries/vada4885 HTTP/1.1" - 200 71681 0.112/0.112
[23/Aug/2016:13:24:43 +0000] "GET /profile/armando772 HTTP/1.1" - 200 4184 0.035/0.035
[23/Aug/2016:13:24:43 +0000] "GET /logout HTTP/1.1" - 302 0 0.001/0.001
[23/Aug/2016:13:24:43 +0000] "GET /diary/entry/500068 HTTP/1.1" - 200 1489 0.018/0.018
[23/Aug/2016:13:24:43 +0000] "GET /login HTTP/1.1" - 200 1092 0.008/0.008
[23/Aug/2016:13:24:43 +0000] "GET /diary/entry/500068 HTTP/1.1" - 200 1489 0.016/0.016
[23/Aug/2016:13:24:43 +0000] "POST /login HTTP/1.1" - 302 0 0.002/0.002
[23/Aug/2016:13:24:43 +0000] "GET /profile/vada4885 HTTP/1.1" - 200 7330 0.052/0.052
[23/Aug/2016:13:24:43 +0000] "GET /footprints HTTP/1.1" - 200 8310 0.459/0.459
[23/Aug/2016:13:24:43 +0000] "POST /diary/entry HTTP/1.1" - 302 0 0.006/0.006
[23/Aug/2016:13:24:43 +0000] "GET /friends HTTP/1.1" - 200 19561 0.722/0.722
[23/Aug/2016:13:24:43 +0000] "GET /diary/entries/ashleigh_blick1542 HTTP/1.1" - 200 72484 0.139/0.139
[23/Aug/2016:13:24:43 +0000] "GET /diary/entries/vada4885 HTTP/1.1" - 200 68569 0.120/0.200
[23/Aug/2016:13:24:43 +0000] "GET /profile/vincent3181 HTTP/1.1" - 200 4334 0.035/0.035
[23/Aug/2016:13:24:43 +0000] "GET /diary/entry/496547 HTTP/1.1" - 200 4996 0.031/0.031
[23/Aug/2016:13:24:43 +0000] "GET /logout HTTP/1.1" - 302 0 0.001/0.001
[23/Aug/2016:13:24:44 +0000] "GET /diary/entry/496547 HTTP/1.1" - 200 4996 0.026/0.026
[23/Aug/2016:13:24:44 +0000] "GET /login HTTP/1.1" - 200 1092 0.008/0.008
[23/Aug/2016:13:24:44 +0000] "POST /login HTTP/1.1" - 302 0 0.002/0.002
[23/Aug/2016:13:24:44 +0000] "GET /profile/ashleigh_blick1542 HTTP/1.1" - 200 7353 0.043/0.043
[23/Aug/2016:13:24:44 +0000] "GET / HTTP/1.1" - 200 30317 1.289/1.289
[23/Aug/2016:13:24:44 +0000] "POST /diary/entry HTTP/1.1" - 302 0 0.006/0.006
[23/Aug/2016:13:24:44 +0000] "GET /diary/entries/ashleigh_blick1542 HTTP/1.1" - 200 69309 0.129/0.209
[23/Aug/2016:13:24:44 +0000] "GET /profile/aurore_senger1051 HTTP/1.1" - 200 4109 0.072/0.072
[23/Aug/2016:13:24:44 +0000] "GET /logout HTTP/1.1" - 302 0 0.002/0.002
[23/Aug/2016:13:24:44 +0000] "GET /login HTTP/1.1" - 200 1092 0.008/0.008
[23/Aug/2016:13:24:44 +0000] "POST /login HTTP/1.1" - 302 0 0.009/0.009
[23/Aug/2016:13:24:44 +0000] "GET /footprints HTTP/1.1" - 200 8398 0.520/0.520
[23/Aug/2016:13:24:44 +0000] "GET / HTTP/1.1" - 200 30457 1.314/1.314
[23/Aug/2016:13:24:44 +0000] "GET /diary/entries/glen4851 HTTP/1.1" - 200 74750 0.140/0.140
[23/Aug/2016:13:24:44 +0000] "GET /profile/maybell3768 HTTP/1.1" - 200 4622 0.038/0.038
[23/Aug/2016:13:24:45 +0000] "GET /diary/entry/497511 HTTP/1.1" - 200 4642 0.037/0.076
[23/Aug/2016:13:24:45 +0000] "GET / HTTP/1.1" - 200 30606 1.293/1.293
[23/Aug/2016:13:24:45 +0000] "GET /diary/entries/maybell3768 HTTP/1.1" - 200 74411 0.120/0.120
[23/Aug/2016:13:24:45 +0000] "GET /diary/entry/497511 HTTP/1.1" - 200 4642 0.015/0.015
[23/Aug/2016:13:24:45 +0000] "GET / HTTP/1.1" - 302 0 0.002/0.002
[23/Aug/2016:13:24:45 +0000] "GET /login HTTP/1.1" - 200 1092 0.008/0.008
[23/Aug/2016:13:24:45 +0000] "GET /profile/glen4851 HTTP/1.1" - 200 7539 0.039/0.039
[23/Aug/2016:13:24:45 +0000] "GET /diary/entry/498642 HTTP/1.1" - 200 4292 0.018/0.018
[23/Aug/2016:13:24:45 +0000] "POST /login HTTP/1.1" - 302 0 0.002/0.002
[23/Aug/2016:13:24:45 +0000] "POST /diary/entry HTTP/1.1" - 302 0 0.005/0.005
[23/Aug/2016:13:24:45 +0000] "POST /diary/comment/498642 HTTP/1.1" - 302 0 0.005/0.005
[23/Aug/2016:13:24:45 +0000] "GET / HTTP/1.1" - 302 0 0.001/0.001
[23/Aug/2016:13:24:45 +0000] "GET / HTTP/1.1" - 200 30156 1.239/1.239
[23/Aug/2016:13:24:45 +0000] "GET /login HTTP/1.1" - 200 1092 0.008/0.008
[23/Aug/2016:13:24:45 +0000] "POST /login HTTP/1.1" - 302 0 0.003/0.003
[23/Aug/2016:13:24:45 +0000] "GET /diary/entries/glen4851 HTTP/1.1" - 200 71896 0.135/0.135
[23/Aug/2016:13:24:45 +0000] "GET /profile/ola_spinka3898 HTTP/1.1" - 200 4399 0.033/0.033
[23/Aug/2016:13:24:45 +0000] "GET /profile/hilario2774 HTTP/1.1" - 200 4573 0.036/0.036
[23/Aug/2016:13:24:45 +0000] "GET /logout HTTP/1.1" - 302 0 0.001/0.001
[23/Aug/2016:13:24:45 +0000] "GET /diary/entries/ola_spinka3898 HTTP/1.1" - 200 71596 0.158/0.158
[23/Aug/2016:13:24:45 +0000] "GET /login HTTP/1.1" - 200 1092 0.007/0.007
[23/Aug/2016:13:24:45 +0000] "POST /login HTTP/1.1" - 302 0 0.003/0.003
[23/Aug/2016:13:24:45 +0000] "GET / HTTP/1.1" - 200 30147 1.099/1.099
[23/Aug/2016:13:24:45 +0000] "GET /diary/entry/500077 HTTP/1.1" - 200 1230 0.033/0.033
[23/Aug/2016:13:24:45 +0000] "POST /diary/comment/500077 HTTP/1.1" - 302 0 0.006/0.006
[23/Aug/2016:13:24:45 +0000] "GET /profile/ashleigh_blick1542 HTTP/1.1" - 200 7096 0.035/0.035
[23/Aug/2016:13:24:46 +0000] "GET /diary/entries/ashleigh_blick1542 HTTP/1.1" - 200 69309 0.146/0.146
[23/Aug/2016:13:24:46 +0000] "GET /diary/entry/500080 HTTP/1.1" - 200 1125 0.016/0.016
[23/Aug/2016:13:24:46 +0000] "POST /diary/comment/500080 HTTP/1.1" - 302 0 0.015/0.015
[23/Aug/2016:13:24:46 +0000] "GET / HTTP/1.1" - 200 30655 1.298/1.298
[23/Aug/2016:13:24:46 +0000] "GET / HTTP/1.1" - 200 30602 1.467/1.467
[23/Aug/2016:13:24:47 +0000] "GET / HTTP/1.1" - 200 29854 1.319/1.319
[23/Aug/2016:13:24:47 +0000] "GET / HTTP/1.1" - 200 30309 1.476/1.476
[23/Aug/2016:13:24:47 +0000] "GET /profile/ashleigh_blick1542 HTTP/1.1" - 200 4099 0.065/0.065
[23/Aug/2016:13:24:47 +0000] "GET /diary/entries/ashleigh_blick1542 HTTP/1.1" - 200 71785 0.201/0.201
[23/Aug/2016:13:24:47 +0000] "GET / HTTP/1.1" - 200 30146 1.342/1.342
[23/Aug/2016:13:24:47 +0000] "GET /diary/entry/500080 HTTP/1.1" - 200 1481 0.030/0.030
[23/Aug/2016:13:24:47 +0000] "POST /diary/comment/500080 HTTP/1.1" - 302 0 0.012/0.012
[23/Aug/2016:13:24:47 +0000] "GET /friends HTTP/1.1" - 200 19549 0.949/0.949
[23/Aug/2016:13:24:48 +0000] "GET /friends HTTP/1.1" - 200 19907 0.898/0.898
[23/Aug/2016:13:24:48 +0000] "GET / HTTP/1.1" - 200 30655 1.477/1.477
[23/Aug/2016:13:24:48 +0000] "GET /friends HTTP/1.1" - 200 15401 0.747/0.747
[23/Aug/2016:13:24:49 +0000] "GET / HTTP/1.1" - 200 30132 1.256/1.256
[23/Aug/2016:13:24:49 +0000] "GET / HTTP/1.1" - 200 30602 1.199/1.199
[23/Aug/2016:13:24:49 +0000] "GET / HTTP/1.1" - 200 29854 1.118/1.118
[23/Aug/2016:13:24:49 +0000] "GET /friends HTTP/1.1" - 200 15401 0.799/0.799
[23/Aug/2016:13:24:49 +0000] "GET /footprints HTTP/1.1" - 200 8363 0.664/0.664
[23/Aug/2016:13:24:49 +0000] "GET / HTTP/1.1" - 200 30132 1.362/1.362
[23/Aug/2016:13:24:50 +0000] "GET /footprints HTTP/1.1" - 200 8427 0.588/0.588
[23/Aug/2016:13:24:50 +0000] "GET /diary/entries/ola_spinka3898 HTTP/1.1" - 200 72447 0.116/0.116
[23/Aug/2016:13:24:50 +0000] "GET /diary/entries/maybell3768 HTTP/1.1" - 200 75284 0.156/0.156
[23/Aug/2016:13:24:50 +0000] "GET /friends HTTP/1.1" - 200 20468 0.912/0.912
[23/Aug/2016:13:24:50 +0000] "GET /diary/entry/500077 HTTP/1.1" - 200 1578 0.018/0.018
[23/Aug/2016:13:24:50 +0000] "POST /friends/kathryn_cremin787 HTTP/1.1" - 302 0 0.006/0.006
[23/Aug/2016:13:24:50 +0000] "GET /diary/entry/498642 HTTP/1.1" - 200 4657 0.019/0.019
[23/Aug/2016:13:24:50 +0000] "GET /diary/entry/500077 HTTP/1.1" - 200 1578 0.022/0.022
[23/Aug/2016:13:24:50 +0000] "GET /diary/entry/498642 HTTP/1.1" - 200 4657 0.022/0.022
[23/Aug/2016:13:24:50 +0000] "GET /profile/ola_spinka3898 HTTP/1.1" - 200 7679 0.037/0.037
[23/Aug/2016:13:24:50 +0000] "GET /footprints HTTP/1.1" - 200 8294 0.375/0.375
[23/Aug/2016:13:24:50 +0000] "GET /profile/maybell3768 HTTP/1.1" - 200 7885 0.027/0.027
[23/Aug/2016:13:24:50 +0000] "POST /diary/entry HTTP/1.1" - 302 0 0.006/0.006
[23/Aug/2016:13:24:50 +0000] "POST /diary/entry HTTP/1.1" - 302 0 0.008/0.008
[23/Aug/2016:13:24:50 +0000] "GET /diary/entries/ashleigh_blick1542 HTTP/1.1" - 200 69309 0.101/0.101
[23/Aug/2016:13:24:50 +0000] "GET /diary/entries/ola_spinka3898 HTTP/1.1" - 200 69373 0.099/0.099
[23/Aug/2016:13:24:50 +0000] "GET /diary/entries/maybell3768 HTTP/1.1" - 200 71788 0.115/0.115
[23/Aug/2016:13:24:50 +0000] "GET /profile/hilario2774 HTTP/1.1" - 200 4402 0.030/0.030
[23/Aug/2016:13:24:50 +0000] "GET /diary/entry/500080 HTTP/1.1" - 200 1833 0.022/0.022
[23/Aug/2016:13:24:50 +0000] "GET /logout HTTP/1.1" - 302 0 0.002/0.002
[23/Aug/2016:13:24:50 +0000] "GET /profile/joesph_langworth88 HTTP/1.1" - 200 4198 0.035/0.035
[23/Aug/2016:13:24:50 +0000] "GET /diary/entry/500080 HTTP/1.1" - 200 1833 0.021/0.021
[23/Aug/2016:13:24:50 +0000] "GET /logout HTTP/1.1" - 302 0 0.001/0.001
[23/Aug/2016:13:24:50 +0000] "GET /login HTTP/1.1" - 200 1092 0.007/0.007
[23/Aug/2016:13:24:50 +0000] "GET /profile/ashleigh_blick1542 HTTP/1.1" - 200 7096 0.020/0.020
[23/Aug/2016:13:24:50 +0000] "POST /login HTTP/1.1" - 302 0 0.002/0.002
[23/Aug/2016:13:24:50 +0000] "GET /login HTTP/1.1" - 200 1092 0.007/0.007
[23/Aug/2016:13:24:50 +0000] "POST /login HTTP/1.1" - 302 0 0.002/0.002
[23/Aug/2016:13:24:50 +0000] "POST /diary/entry HTTP/1.1" - 302 0 0.009/0.009
[23/Aug/2016:13:24:50 +0000] "GET / HTTP/1.1" - 200 30132 0.899/0.899
[23/Aug/2016:13:24:51 +0000] "GET /diary/entries/ashleigh_blick1542 HTTP/1.1" - 200 66068 0.130/0.130
[23/Aug/2016:13:24:51 +0000] "GET /profile/vada4885 HTTP/1.1" - 200 4073 0.039/0.039
[23/Aug/2016:13:24:51 +0000] "GET /logout HTTP/1.1" - 302 0 0.001/0.001
[23/Aug/2016:13:24:51 +0000] "GET /login HTTP/1.1" - 200 1092 0.008/0.008
[23/Aug/2016:13:24:51 +0000] "POST /login HTTP/1.1" - 302 0 0.003/0.003
[23/Aug/2016:13:24:51 +0000] "GET /footprints HTTP/1.1" - 200 8294 0.364/0.364
[23/Aug/2016:13:24:51 +0000] "GET /diary/entries/ashleigh_blick1542 HTTP/1.1" - 200 66068 0.123/0.123
[23/Aug/2016:13:24:51 +0000] "GET /diary/entry/500080 HTTP/1.1" - 200 1833 0.049/0.049
[23/Aug/2016:13:24:51 +0000] "GET /diary/entry/500080 HTTP/1.1" - 200 1833 0.038/0.038
[23/Aug/2016:13:24:51 +0000] "GET /profile/ashleigh_blick1542 HTTP/1.1" - 200 6851 0.034/0.034
[23/Aug/2016:13:24:51 +0000] "POST /diary/entry HTTP/1.1" - 302 0 0.006/0.006
[23/Aug/2016:13:24:52 +0000] "GET /diary/entries/ashleigh_blick1542 HTTP/1.1" - 200 62975 0.135/0.177
[23/Aug/2016:13:24:52 +0000] "GET / HTTP/1.1" - 200 29850 1.252/1.252
[23/Aug/2016:13:24:52 +0000] "GET /friends HTTP/1.1" - 200 20652 0.872/0.872
[23/Aug/2016:13:24:52 +0000] "GET /profile/aaliyah_reichel2696 HTTP/1.1" - 200 4108 0.039/0.039
[23/Aug/2016:13:24:52 +0000] "GET / HTTP/1.1" - 200 30251 1.341/1.341
[23/Aug/2016:13:24:52 +0000] "GET /logout HTTP/1.1" - 302 0 0.002/0.002
[23/Aug/2016:13:24:52 +0000] "GET / HTTP/1.1" - 302 0 0.001/0.001
[23/Aug/2016:13:24:52 +0000] "GET /login HTTP/1.1" - 200 1092 0.006/0.006
[23/Aug/2016:13:24:52 +0000] "GET /profile/glen4851 HTTP/1.1" - 200 4282 0.034/0.034
[23/Aug/2016:13:24:52 +0000] "GET /login HTTP/1.1" - 200 1092 0.007/0.007
[23/Aug/2016:13:24:52 +0000] "POST /login HTTP/1.1" - 302 0 0.003/0.003
[23/Aug/2016:13:24:52 +0000] "GET /profile/maybell3768 HTTP/1.1" - 200 4380 0.027/0.027
[23/Aug/2016:13:24:52 +0000] "POST /login HTTP/1.1" - 302 0 0.002/0.002
[23/Aug/2016:13:24:52 +0000] "GET /diary/entries/glen4851 HTTP/1.1" - 200 73408 0.141/0.141
[23/Aug/2016:13:24:52 +0000] "GET /diary/entries/maybell3768 HTTP/1.1" - 200 71181 0.157/0.157
[23/Aug/2016:13:24:52 +0000] "GET /diary/entry/497511 HTTP/1.1" - 200 4642 0.027/0.027
[23/Aug/2016:13:24:52 +0000] "POST /diary/comment/497511 HTTP/1.1" - 302 0 0.005/0.005
[23/Aug/2016:13:24:52 +0000] "GET /diary/entry/500083 HTTP/1.1" - 200 1125 0.020/0.020
[23/Aug/2016:13:24:52 +0000] "POST /diary/comment/500083 HTTP/1.1" - 302 0 0.006/0.006
[23/Aug/2016:13:24:52 +0000] "GET / HTTP/1.1" - 200 30457 1.393/1.393
[23/Aug/2016:13:24:52 +0000] "GET /profile/ashleigh_blick1542 HTTP/1.1" - 200 3842 0.043/0.043
[23/Aug/2016:13:24:53 +0000] "GET /diary/entries/ashleigh_blick1542 HTTP/1.1" - 200 68547 0.142/0.142
[23/Aug/2016:13:24:53 +0000] "GET /diary/entry/500084 HTTP/1.1" - 200 1125 0.089/0.089
[23/Aug/2016:13:24:53 +0000] "POST /diary/comment/500084 HTTP/1.1" - 302 0 0.015/0.015
[23/Aug/2016:13:24:53 +0000] "GET / HTTP/1.1" - 200 30497 1.284/1.284
[23/Aug/2016:13:24:53 +0000] "GET / HTTP/1.1" - 200 30421 1.387/1.387
[23/Aug/2016:13:24:53 +0000] "GET /profile/brayan1665 HTTP/1.1" - 200 4476 0.035/0.035
[23/Aug/2016:13:24:54 +0000] "GET /diary/entries/brayan1665 HTTP/1.1" - 200 73525 0.197/0.197
[23/Aug/2016:13:24:54 +0000] "GET / HTTP/1.1" - 200 30506 1.474/1.474
[23/Aug/2016:13:24:54 +0000] "GET /diary/entry/494842 HTTP/1.1" - 200 5285 0.030/0.030
[23/Aug/2016:13:24:54 +0000] "GET / HTTP/1.1" - 200 30320 1.552/1.552
[23/Aug/2016:13:24:54 +0000] "POST /diary/comment/494842 HTTP/1.1" - 302 0 0.005/0.005
[23/Aug/2016:13:24:54 +0000] "GET / HTTP/1.1" - 200 30130 1.302/1.302
[23/Aug/2016:13:24:55 +0000] "GET /friends HTTP/1.1" - 200 19549 0.947/0.947
[23/Aug/2016:13:24:55 +0000] "GET /friends HTTP/1.1" - 200 17385 0.968/0.968
[23/Aug/2016:13:24:55 +0000] "GET / HTTP/1.1" - 200 30421 1.401/1.401
[23/Aug/2016:13:24:55 +0000] "GET /friends HTTP/1.1" - 200 15401 0.900/0.900
[23/Aug/2016:13:24:55 +0000] "GET / HTTP/1.1" - 200 30301 1.460/1.460
[23/Aug/2016:13:24:56 +0000] "GET / HTTP/1.1" - 200 30506 1.465/1.465
[23/Aug/2016:13:24:56 +0000] "GET / HTTP/1.1" - 200 30320 1.480/1.480
[23/Aug/2016:13:24:56 +0000] "GET /friends HTTP/1.1" - 200 17085 1.061/1.061
[23/Aug/2016:13:24:56 +0000] "GET / HTTP/1.1" - 200 30672 1.526/1.526
[23/Aug/2016:13:24:57 +0000] "GET / HTTP/1.1" - 200 30130 1.457/1.457
[23/Aug/2016:13:24:57 +0000] "GET /footprints HTTP/1.1" - 200 8361 0.455/0.455
[23/Aug/2016:13:24:57 +0000] "GET /footprints HTTP/1.1" - 200 8404 0.467/0.467
[23/Aug/2016:13:24:57 +0000] "GET /diary/entries/maybell3768 HTTP/1.1" - 200 71788 0.113/0.113
[23/Aug/2016:13:24:57 +0000] "GET /diary/entries/glen4851 HTTP/1.1" - 200 71896 0.113/0.113
[23/Aug/2016:13:24:57 +0000] "GET /diary/entry/500083 HTTP/1.1" - 200 1471 0.011/0.011
[23/Aug/2016:13:24:57 +0000] "GET /diary/entry/497511 HTTP/1.1" - 200 5006 0.014/0.014
[23/Aug/2016:13:24:57 +0000] "GET /footprints HTTP/1.1" - 200 8296 0.409/0.409
[23/Aug/2016:13:24:57 +0000] "GET /diary/entry/500083 HTTP/1.1" - 200 1471 0.024/0.024
[23/Aug/2016:13:24:57 +0000] "GET /diary/entry/497511 HTTP/1.1" - 200 5006 0.030/0.030
[23/Aug/2016:13:24:57 +0000] "GET /profile/maybell3768 HTTP/1.1" - 200 7643 0.037/0.037
[23/Aug/2016:13:24:57 +0000] "GET /profile/glen4851 HTTP/1.1" - 200 7293 0.043/0.043
[23/Aug/2016:13:24:57 +0000] "POST /diary/entry HTTP/1.1" - 302 0 0.006/0.006
[23/Aug/2016:13:24:57 +0000] "GET /diary/entries/ashleigh_blick1542 HTTP/1.1" - 200 62975 0.110/0.110
[23/Aug/2016:13:24:57 +0000] "POST /diary/entry HTTP/1.1" - 302 0 0.005/0.005
[23/Aug/2016:13:24:58 +0000] "GET /diary/entries/maybell3768 HTTP/1.1" - 200 68675 0.106/0.106
[23/Aug/2016:13:24:58 +0000] "GET /diary/entry/500084 HTTP/1.1" - 200 1490 0.021/0.021
[23/Aug/2016:13:24:58 +0000] "GET /diary/entries/glen4851 HTTP/1.1" - 200 69016 0.115/0.115
[23/Aug/2016:13:24:58 +0000] "GET / HTTP/1.1" - 200 30301 1.121/1.121
[23/Aug/2016:13:24:58 +0000] "GET /diary/entry/500084 HTTP/1.1" - 200 1490 0.020/0.020
[23/Aug/2016:13:24:58 +0000] "GET /profile/ashleigh_blick1542 HTTP/1.1" - 200 6609 0.023/0.023
[23/Aug/2016:13:24:58 +0000] "GET /profile/maybell3768 HTTP/1.1" - 200 4091 0.031/0.031
[23/Aug/2016:13:24:58 +0000] "GET /logout HTTP/1.1" - 302 0 0.001/0.001
[23/Aug/2016:13:24:58 +0000] "POST /diary/entry HTTP/1.1" - 302 0 0.005/0.005
[23/Aug/2016:13:24:58 +0000] "GET /login HTTP/1.1" - 200 1092 0.039/0.039
[23/Aug/2016:13:24:58 +0000] "GET /profile/vada4885 HTTP/1.1" - 200 4073 0.060/0.060
[23/Aug/2016:13:24:58 +0000] "POST /login HTTP/1.1" - 302 0 0.003/0.003
[23/Aug/2016:13:24:58 +0000] "GET /logout HTTP/1.1" - 302 0 0.002/0.002
[23/Aug/2016:13:24:58 +0000] "GET /diary/entries/ashleigh_blick1542 HTTP/1.1" - 200 59819 0.138/0.138
[23/Aug/2016:13:24:58 +0000] "GET /login HTTP/1.1" - 200 1092 0.010/0.010
[23/Aug/2016:13:24:58 +0000] "POST /login HTTP/1.1" - 302 0 0.003/0.003
[23/Aug/2016:13:24:58 +0000] "GET /profile/halle_bernier4949 HTTP/1.1" - 200 4352 0.043/0.043
[23/Aug/2016:13:24:58 +0000] "GET /logout HTTP/1.1" - 302 0 0.009/0.009
[23/Aug/2016:13:24:58 +0000] "GET /login HTTP/1.1" - 200 1092 0.009/0.009
[23/Aug/2016:13:24:58 +0000] "POST /login HTTP/1.1" - 302 0 0.003/0.003
[23/Aug/2016:13:24:58 +0000] "GET /footprints HTTP/1.1" - 200 8353 0.447/0.447
[23/Aug/2016:13:24:58 +0000] "GET /friends HTTP/1.1" - 200 18773 0.675/0.675
[23/Aug/2016:13:24:58 +0000] "POST /friends/eriberto2028 HTTP/1.1" - 302 0 0.006/0.006
[23/Aug/2016:13:24:59 +0000] "GET /diary/entries/brayan1665 HTTP/1.1" - 200 72226 0.328/0.328
[23/Aug/2016:13:24:59 +0000] "GET /diary/entry/494842 HTTP/1.1" - 200 5653 0.028/0.028
[23/Aug/2016:13:24:59 +0000] "GET /diary/entry/494842 HTTP/1.1" - 200 5653 0.031/0.031
[23/Aug/2016:13:24:59 +0000] "GET /profile/brayan1665 HTTP/1.1" - 200 7493 0.032/0.032
[23/Aug/2016:13:24:59 +0000] "POST /diary/entry HTTP/1.1" - 302 0 0.005/0.005
[23/Aug/2016:13:24:59 +0000] "GET /diary/entries/brayan1665 HTTP/1.1" - 200 68836 0.112/0.112
[23/Aug/2016:13:24:59 +0000] "GET / HTTP/1.1" - 200 30068 1.185/1.185
[23/Aug/2016:13:24:59 +0000] "GET /profile/aaliyah_reichel2696 HTTP/1.1" - 200 4108 0.035/0.035
[23/Aug/2016:13:24:59 +0000] "GET /logout HTTP/1.1" - 302 0 0.001/0.001
[23/Aug/2016:13:24:59 +0000] "GET /profile/joesph_langworth88 HTTP/1.1" - 200 4198 0.035/0.035
[23/Aug/2016:13:24:59 +0000] "GET /login HTTP/1.1" - 200 1092 0.008/0.008
[23/Aug/2016:13:24:59 +0000] "POST /login HTTP/1.1" - 302 0 0.018/0.018
[23/Aug/2016:13:24:59 +0000] "GET /diary/entries/joesph_langworth88 HTTP/1.1" - 200 70699 0.105/0.105
[23/Aug/2016:13:24:59 +0000] "GET / HTTP/1.1" - 200 19130 1.363/1.363
[23/Aug/2016:13:25:00 +0000] "GET /diary/entry/500065 HTTP/1.1" - 200 1175 0.017/0.017
[23/Aug/2016:13:25:00 +0000] "GET /profile/vada4885 HTTP/1.1" - 302 0 0.001/0.001
[23/Aug/2016:13:25:00 +0000] "GET / HTTP/1.1" - 200 30550 1.308/1.308
[23/Aug/2016:13:25:00 +0000] "POST /diary/comment/500065 HTTP/1.1" - 302 0 0.006/0.006
[23/Aug/2016:13:25:00 +0000] "GET /diary/entries/vada4885 HTTP/1.1" - 302 0 0.002/0.002
[23/Aug/2016:13:25:00 +0000] "GET /profile/ashlee4481 HTTP/1.1" - 302 0 0.002/0.002
[23/Aug/2016:13:25:00 +0000] "GET /diary/entries/ashlee4481 HTTP/1.1" - 302 0 0.001/0.001
[23/Aug/2016:13:25:00 +0000] "GET /friends HTTP/1.1" - 200 18956 0.834/0.834
[23/Aug/2016:13:25:01 +0000] "GET / HTTP/1.1" - 200 30550 1.328/1.328
[23/Aug/2016:13:25:01 +0000] "GET /profile/ashlee4481 HTTP/1.1" - 302 0 0.002/0.002
[23/Aug/2016:13:25:01 +0000] "GET /diary/entries/ashlee4481 HTTP/1.1" - 302 0 0.001/0.001
[23/Aug/2016:13:25:01 +0000] "GET / HTTP/1.1" - 200 30325 1.403/1.403
[23/Aug/2016:13:25:01 +0000] "GET / HTTP/1.1" - 200 30257 1.582/1.582
[23/Aug/2016:13:25:01 +0000] "GET / HTTP/1.1" - 200 30267 1.640/1.640
[23/Aug/2016:13:25:02 +0000] "GET / HTTP/1.1" - 200 30615 1.468/1.468
[23/Aug/2016:13:25:02 +0000] "GET /friends HTTP/1.1" - 200 21277 1.065/1.065
[23/Aug/2016:13:25:02 +0000] "GET /friends HTTP/1.1" - 200 17233 0.918/0.918
[23/Aug/2016:13:25:02 +0000] "GET / HTTP/1.1" - 200 30267 1.371/1.371
[23/Aug/2016:13:25:02 +0000] "GET /friends HTTP/1.1" - 200 17270 0.887/0.887
[23/Aug/2016:13:25:03 +0000] "GET / HTTP/1.1" - 200 30424 1.215/1.215
[23/Aug/2016:13:25:03 +0000] "GET /friends HTTP/1.1" - 200 17270 0.960/0.960
[23/Aug/2016:13:25:04 +0000] "GET / HTTP/1.1" - 200 30257 1.291/1.291
[23/Aug/2016:13:25:04 +0000] "GET / HTTP/1.1" - 200 30325 1.313/1.313
[23/Aug/2016:13:25:04 +0000] "GET / HTTP/1.1" - 200 30267 1.361/1.361
[23/Aug/2016:13:25:04 +0000] "GET /footprints HTTP/1.1" - 200 8401 0.523/0.523
[23/Aug/2016:13:25:04 +0000] "GET /footprints HTTP/1.1" - 200 8397 0.527/0.527
[23/Aug/2016:13:25:04 +0000] "GET /footprints HTTP/1.1" - 200 8351 0.521/0.521
[23/Aug/2016:13:25:05 +0000] "GET / HTTP/1.1" - 200 30267 1.119/1.119
[23/Aug/2016:13:25:05 +0000] "GET /diary/entries/joesph_langworth88 HTTP/1.1" - 200 71698 0.157/0.157
[23/Aug/2016:13:25:05 +0000] "GET /diary/entries/vada4885 HTTP/1.1" - 200 68569 0.189/0.189
[23/Aug/2016:13:25:05 +0000] "GET /diary/entries/ashlee4481 HTTP/1.1" - 200 71866 0.197/0.197
[23/Aug/2016:13:25:05 +0000] "GET /diary/entry/500065 HTTP/1.1" - 200 1524 0.019/0.019
[23/Aug/2016:13:25:05 +0000] "GET /diary/entry/500065 HTTP/1.1" - 200 1524 0.028/0.028
[23/Aug/2016:13:25:05 +0000] "GET /profile/vada4885 HTTP/1.1" - 200 7073 0.076/0.076
[23/Aug/2016:13:25:05 +0000] "GET /profile/ashlee4481 HTTP/1.1" - 200 7469 0.072/0.072
[23/Aug/2016:13:25:05 +0000] "POST /diary/entry HTTP/1.1" - 302 0 0.005/0.005
[23/Aug/2016:13:25:05 +0000] "GET /profile/joesph_langworth88 HTTP/1.1" - 200 7468 0.044/0.044
[23/Aug/2016:13:25:05 +0000] "POST /diary/entry HTTP/1.1" - 302 0 0.005/0.005
[23/Aug/2016:13:25:05 +0000] "POST /diary/entry HTTP/1.1" - 302 0 0.005/0.005
[23/Aug/2016:13:25:05 +0000] "GET /diary/entries/vada4885 HTTP/1.1" - 200 65457 0.152/0.152
[23/Aug/2016:13:25:05 +0000] "GET /friends HTTP/1.1" - 200 19561 0.829/0.829
[23/Aug/2016:13:25:05 +0000] "GET /diary/entries/joesph_langworth88 HTTP/1.1" - 200 68651 0.126/0.126
[23/Aug/2016:13:25:05 +0000] "GET /footprints HTTP/1.1" - 200 8351 0.452/0.452
[23/Aug/2016:13:25:05 +0000] "POST /friends/aidan_tremblay4622 HTTP/1.1" - 302 0 0.006/0.006
[23/Aug/2016:13:25:05 +0000] "GET /diary/entries/ashlee4481 HTTP/1.1" - 200 68792 0.138/0.219
[23/Aug/2016:13:25:05 +0000] "GET /profile/vada4885 HTTP/1.1" - 200 6909 0.024/0.024
[23/Aug/2016:13:25:05 +0000] "GET /logout HTTP/1.1" - 302 0 0.001/0.001
[23/Aug/2016:13:25:05 +0000] "GET /profile/vaughn_heathcote3206 HTTP/1.1" - 200 4333 0.028/0.028
[23/Aug/2016:13:25:05 +0000] "GET /diary/entries/ashlee4481 HTTP/1.1" - 200 68792 0.073/0.073
[23/Aug/2016:13:25:05 +0000] "GET /profile/vada4885 HTTP/1.1" - 200 3897 0.027/0.027
[23/Aug/2016:13:25:05 +0000] "GET /login HTTP/1.1" - 200 1092 0.005/0.005
[23/Aug/2016:13:25:05 +0000] "GET /logout HTTP/1.1" - 302 0 0.001/0.001
[23/Aug/2016:13:25:05 +0000] "GET /logout HTTP/1.1" - 302 0 0.001/0.001
[23/Aug/2016:13:25:05 +0000] "POST /login HTTP/1.1" - 302 0 0.002/0.002
[23/Aug/2016:13:25:05 +0000] "GET /login HTTP/1.1" - 200 1092 0.008/0.008
[23/Aug/2016:13:25:05 +0000] "GET /login HTTP/1.1" - 200 1092 0.006/0.006
[23/Aug/2016:13:25:05 +0000] "GET /profile/ashlee4481 HTTP/1.1" - 200 7379 0.021/0.021
[23/Aug/2016:13:25:05 +0000] "POST /login HTTP/1.1" - 302 0 0.002/0.002
[23/Aug/2016:13:25:05 +0000] "POST /login HTTP/1.1" - 302 0 0.002/0.002
[23/Aug/2016:13:25:05 +0000] "POST /diary/entry HTTP/1.1" - 302 0 0.006/0.006
[23/Aug/2016:13:25:05 +0000] "GET /diary/entries/ashlee4481 HTTP/1.1" - 200 65708 0.143/0.143
[23/Aug/2016:13:25:06 +0000] "GET /profile/aaliyah_reichel2696 HTTP/1.1" - 200 4108 0.040/0.040
[23/Aug/2016:13:25:06 +0000] "GET /logout HTTP/1.1" - 302 0 0.001/0.001
[23/Aug/2016:13:25:06 +0000] "GET /login HTTP/1.1" - 200 1092 0.008/0.008
[23/Aug/2016:13:25:06 +0000] "POST /login HTTP/1.1" - 302 0 0.002/0.002
[23/Aug/2016:13:25:06 +0000] "GET / HTTP/1.1" - 200 30245 1.042/1.042
[23/Aug/2016:13:25:06 +0000] "GET / HTTP/1.1" - 200 30556 1.213/1.213
[23/Aug/2016:13:25:07 +0000] "GET / HTTP/1.1" - 200 30318 1.235/1.235
[23/Aug/2016:13:25:07 +0000] "GET / HTTP/1.1" - 200 30457 1.034/1.034
